#
# There is insufficient memory for the Java Runtime Environment to continue.
# Native memory allocation (malloc) failed to allocate 32744 bytes for ChunkPool::allocate
# Possible reasons:
#   The system is out of physical RAM or swap space
#   The process is running with CompressedOops enabled, and the Java Heap may be blocking the growth of the native heap
# Possible solutions:
#   Reduce memory load on the system
#   Increase physical memory or swap space
#   Check if swap backing store is full
#   Decrease Java heap size (-Xmx/-Xms)
#   Decrease number of Java threads
#   Decrease Java thread stack sizes (-Xss)
#   Set larger code cache with -XX:ReservedCodeCacheSize=
#   JVM is running with Unscaled Compressed Oops mode in which the Java heap is
#     placed in the first 4GB address space. The Java Heap base address is the
#     maximum limit for the native heap growth. Please use -XX:HeapBaseMinAddress
#     to set the Java Heap base and to place the Java Heap above 4GB virtual address.
# This output file may be truncated or incomplete.
#
#  Out of Memory Error (./src/hotspot/share/memory/arena.cpp:81), pid=12160, tid=22896
#
# JRE version: OpenJDK Runtime Environment (11.0.12+7) (build 11.0.12+7-b1504.28-7817840)
# Java VM: OpenJDK 64-Bit Server VM (11.0.12+7-b1504.28-7817840, mixed mode, tiered, compressed oops, g1 gc, windows-amd64)
# No core dump will be written. Minidumps are not enabled by default on client versions of Windows
#

---------------  S U M M A R Y ------------

Command Line: --add-opens=java.base/java.util=ALL-UNNAMED --add-opens=java.base/java.lang=ALL-UNNAMED --add-opens=java.base/java.lang.invoke=ALL-UNNAMED --add-opens=java.base/java.util=ALL-UNNAMED --add-opens=java.prefs/java.util.prefs=ALL-UNNAMED --add-opens=java.prefs/java.util.prefs=ALL-UNNAMED --add-opens=java.base/java.nio.charset=ALL-UNNAMED --add-opens=java.base/java.net=ALL-UNNAMED --add-opens=java.base/java.util.concurrent.atomic=ALL-UNNAMED -Xmx2048m -Dfile.encoding=UTF-8 -Duser.country=US -Duser.language=en -Duser.variant org.gradle.launcher.daemon.bootstrap.GradleDaemon 7.3.3

Host: AMD Ryzen 7 5800H with Radeon Graphics         , 16 cores, 15G,  Windows 10 , 64 bit Build 19041 (10.0.19041.2913)
Time: Thu Jun 15 20:29:00 2023 GTB Daylight Time elapsed time: 931.502550 seconds (0d 0h 15m 31s)

---------------  T H R E A D  ---------------

Current thread (0x000001cdc006a800):  JavaThread "C2 CompilerThread3" daemon [_thread_in_native, id=22896, stack(0x000000b1e4700000,0x000000b1e4800000)]


Current CompileTask:
C2: 931502 22560       4       org.gradle.api.internal.artifacts.ivyservice.resolveengine.graph.builder.SelectorState::update (95 bytes)

Stack: [0x000000b1e4700000,0x000000b1e4800000]
Native frames: (J=compiled Java code, j=interpreted, Vv=VM code, C=native code)
V  [jvm.dll+0x5fbcea]
V  [jvm.dll+0x731905]
V  [jvm.dll+0x732f1d]
V  [jvm.dll+0x7335d3]
V  [jvm.dll+0x247bf8]
V  [jvm.dll+0xc041b]
V  [jvm.dll+0xc06cc]
V  [jvm.dll+0xa075a]
V  [jvm.dll+0x58d677]
V  [jvm.dll+0x58db86]
V  [jvm.dll+0x58d717]
V  [jvm.dll+0x592966]
V  [jvm.dll+0x59308f]
V  [jvm.dll+0x591c6e]
V  [jvm.dll+0x2004a2]
V  [jvm.dll+0x1ff794]
V  [jvm.dll+0x18868c]
V  [jvm.dll+0x20e0d7]
V  [jvm.dll+0x20c901]
V  [jvm.dll+0x6f9b7f]
V  [jvm.dll+0x6f26a5]
V  [jvm.dll+0x5fabf6]
C  [ucrtbase.dll+0x21bb2]
C  [KERNEL32.DLL+0x17614]
C  [ntdll.dll+0x526a1]


---------------  P R O C E S S  ---------------

Threads class SMR info:
_java_thread_list=0x000001cdbe5d6ca0, length=142, elements={
0x000001cd93c4c800, 0x000001cdaf4d2000, 0x000001cdaf4db800, 0x000001cdaf52d800,
0x000001cdaf52f800, 0x000001cdaf531000, 0x000001cdaf534000, 0x000001cdaf542800,
0x000001cdaf54f000, 0x000001cdaf6aa000, 0x000001cdb0d18800, 0x000001cdb230a000,
0x000001cdb1ed8000, 0x000001cdb0c54000, 0x000001cdb0c54800, 0x000001cdb0c50800,
0x000001cdb0c53000, 0x000001cdb2e5a800, 0x000001cdb2e5e800, 0x000001cdb2e66000,
0x000001cdb2e64800, 0x000001cdb2e60000, 0x000001cdb2e63800, 0x000001cdb5166000,
0x000001cdb31ec800, 0x000001cdb31ee000, 0x000001cdb31ef800, 0x000001cdb31ea000,
0x000001cdb31f0800, 0x000001cdb31ee800, 0x000001cdb31ea800, 0x000001cdb31f1000,
0x000001cdb31ed000, 0x000001cdb31eb800, 0x000001cdb31f2000, 0x000001cdb31f5000,
0x000001cdb31f7000, 0x000001cdb8129800, 0x000001cdb85cd800, 0x000001cdb85d2800,
0x000001cdbc04e800, 0x000001cdbc058800, 0x000001cdba844000, 0x000001cdba83e000,
0x000001cdba840000, 0x000001cdba844800, 0x000001cdba83f000, 0x000001cdb8124000,
0x000001cdb8124800, 0x000001cdc0067000, 0x000001cdc0068000, 0x000001cdc0062800,
0x000001cdc005f000, 0x000001cdc0064000, 0x000001cdc0060000, 0x000001cdc005e000,
0x000001cdc0065000, 0x000001cdc0061800, 0x000001cdc0063000, 0x000001cdc0065800,
0x000001cdc0066800, 0x000001cdc0060800, 0x000001cdc006d000, 0x000001cdc006b800,
0x000001cdc006a800, 0x000001cdc006c000, 0x000001cdc006e000, 0x000001cdc006e800,
0x000001cdc0069000, 0x000001cdc006f800, 0x000001cdc0069800, 0x000001cdc0076000,
0x000001cdc0072800, 0x000001cdc0074800, 0x000001cdc0070000, 0x000001cdc0073800,
0x000001cdc0076800, 0x000001cdc0071000, 0x000001cdc0075000, 0x000001cdc0077800,
0x000001cdc0072000, 0x000001cdc007c800, 0x000001cdc0079000, 0x000001cdc007a000,
0x000001cdc0078800, 0x000001cdc007b000, 0x000001cdc007b800, 0x000001cdc007d800,
0x000001cdb6e18000, 0x000001cdb6e15800, 0x000001cdb6e13800, 0x000001cdb6e19800,
0x000001cdb6e1a800, 0x000001cdb6e16000, 0x000001cdb6e14800, 0x000001cdb6e17000,
0x000001cdb6e1c800, 0x000001cdb6e1d800, 0x000001cdb6e18800, 0x000001cdb6e1e800,
0x000001cdb6e21000, 0x000001cdb6e20000, 0x000001cdb6e1c000, 0x000001cdb6e1b000,
0x000001cdb6e22800, 0x000001cdb6e21800, 0x000001cdb6e23000, 0x000001cdb6e25000,
0x000001cdb6e24000, 0x000001cdb6e1f000, 0x000001cdb6e27800, 0x000001cdb6e28000,
0x000001cdb6e2b800, 0x000001cdb6e29000, 0x000001cdb6e2a000, 0x000001cdb6e2a800,
0x000001cdb6e26800, 0x000001cdb6e25800, 0x000001cdb6e2d000, 0x000001cdb6e2e000,
0x000001cdb6e32000, 0x000001cdb6e31000, 0x000001cdb6e2e800, 0x000001cdb6e2f800,
0x000001cdb6e30800, 0x000001cdb6e2c000, 0x000001cdb85bf000, 0x000001cdb85c1800,
0x000001cdb85c3000, 0x000001cdb85bf800, 0x000001cdb85be000, 0x000001cdb85c4800,
0x000001cdb85c2000, 0x000001cdb85c4000, 0x000001cdb85c5800, 0x000001cdb85c6800,
0x000001cdb85c0800, 0x000001cdb85c8000, 0x000001cdb85c9800, 0x000001cdb85ca800,
0x000001cdb85c8800, 0x000001cdb85cb000
}

Java Threads: ( => current thread )
  0x000001cd93c4c800 JavaThread "main" [_thread_blocked, id=10788, stack(0x000000b1e0700000,0x000000b1e0800000)]
  0x000001cdaf4d2000 JavaThread "Reference Handler" daemon [_thread_blocked, id=6088, stack(0x000000b1e0e00000,0x000000b1e0f00000)]
  0x000001cdaf4db800 JavaThread "Finalizer" daemon [_thread_blocked, id=2716, stack(0x000000b1e0f00000,0x000000b1e1000000)]
  0x000001cdaf52d800 JavaThread "Signal Dispatcher" daemon [_thread_blocked, id=10756, stack(0x000000b1e1000000,0x000000b1e1100000)]
  0x000001cdaf52f800 JavaThread "Attach Listener" daemon [_thread_blocked, id=19828, stack(0x000000b1e1100000,0x000000b1e1200000)]
  0x000001cdaf531000 JavaThread "Service Thread" daemon [_thread_blocked, id=2596, stack(0x000000b1e1200000,0x000000b1e1300000)]
  0x000001cdaf534000 JavaThread "C2 CompilerThread0" daemon [_thread_in_native, id=1556, stack(0x000000b1e1300000,0x000000b1e1400000)]
  0x000001cdaf542800 JavaThread "C1 CompilerThread0" daemon [_thread_blocked, id=6272, stack(0x000000b1e1400000,0x000000b1e1500000)]
  0x000001cdaf54f000 JavaThread "Sweeper thread" daemon [_thread_blocked, id=12040, stack(0x000000b1e1500000,0x000000b1e1600000)]
  0x000001cdaf6aa000 JavaThread "Common-Cleaner" daemon [_thread_blocked, id=5620, stack(0x000000b1e1600000,0x000000b1e1700000)]
  0x000001cdb0d18800 JavaThread "Daemon health stats" [_thread_blocked, id=10080, stack(0x000000b1e2100000,0x000000b1e2200000)]
  0x000001cdb230a000 JavaThread "Incoming local TCP Connector on port 52209" [_thread_in_native, id=27644, stack(0x000000b1e1a00000,0x000000b1e1b00000)]
  0x000001cdb1ed8000 JavaThread "Daemon periodic checks" [_thread_blocked, id=15356, stack(0x000000b1e1b00000,0x000000b1e1c00000)]
  0x000001cdb0c54000 JavaThread "Cache worker for journal cache (C:\Users\Rool\.gradle\caches\journal-1)" [_thread_blocked, id=21292, stack(0x000000b1e2900000,0x000000b1e2a00000)]
  0x000001cdb0c54800 JavaThread "File lock request listener" [_thread_in_native, id=9768, stack(0x000000b1e2a00000,0x000000b1e2b00000)]
  0x000001cdb0c50800 JavaThread "Cache worker for file hash cache (C:\Users\Rool\.gradle\caches\7.3.3\fileHashes)" [_thread_blocked, id=24656, stack(0x000000b1e2b00000,0x000000b1e2c00000)]
  0x000001cdb0c53000 JavaThread "File watcher server" daemon [_thread_in_native, id=25692, stack(0x000000b1e3900000,0x000000b1e3a00000)]
  0x000001cdb2e5a800 JavaThread "File watcher consumer" daemon [_thread_blocked, id=20752, stack(0x000000b1e3a00000,0x000000b1e3b00000)]
  0x000001cdb2e5e800 JavaThread "Cache worker for execution history cache (C:\Users\Rool\.gradle\caches\7.3.3\executionHistory)" [_thread_blocked, id=25524, stack(0x000000b1e3e00000,0x000000b1e3f00000)]
  0x000001cdb2e66000 JavaThread "jar transforms" [_thread_blocked, id=1696, stack(0x000000b1e4000000,0x000000b1e4100000)]
  0x000001cdb2e64800 JavaThread "Cache worker for file content cache (C:\Users\Rool\.gradle\caches\7.3.3\fileContent)" [_thread_blocked, id=24692, stack(0x000000b1e4100000,0x000000b1e4200000)]
  0x000001cdb2e60000 JavaThread "jar transforms Thread 2" [_thread_blocked, id=22432, stack(0x000000b1e4200000,0x000000b1e4300000)]
  0x000001cdb2e63800 JavaThread "jar transforms Thread 3" [_thread_blocked, id=21872, stack(0x000000b1e4400000,0x000000b1e4500000)]
  0x000001cdb5166000 JavaThread "jar transforms Thread 4" [_thread_blocked, id=23888, stack(0x000000b1ecd00000,0x000000b1ece00000)]
  0x000001cdb31ec800 JavaThread "jar transforms Thread 5" [_thread_blocked, id=20820, stack(0x000000b1ece00000,0x000000b1ecf00000)]
  0x000001cdb31ee000 JavaThread "jar transforms Thread 6" [_thread_blocked, id=27532, stack(0x000000b1ecf00000,0x000000b1ed000000)]
  0x000001cdb31ef800 JavaThread "jar transforms Thread 7" [_thread_blocked, id=10680, stack(0x000000b1ed000000,0x000000b1ed100000)]
  0x000001cdb31ea000 JavaThread "jar transforms Thread 8" [_thread_blocked, id=9800, stack(0x000000b1ed100000,0x000000b1ed200000)]
  0x000001cdb31f0800 JavaThread "jar transforms Thread 9" [_thread_blocked, id=23248, stack(0x000000b1ed200000,0x000000b1ed300000)]
  0x000001cdb31ee800 JavaThread "jar transforms Thread 10" [_thread_blocked, id=14304, stack(0x000000b1ed300000,0x000000b1ed400000)]
  0x000001cdb31ea800 JavaThread "jar transforms Thread 11" [_thread_blocked, id=15372, stack(0x000000b1ed400000,0x000000b1ed500000)]
  0x000001cdb31f1000 JavaThread "jar transforms Thread 12" [_thread_blocked, id=19056, stack(0x000000b1ed500000,0x000000b1ed600000)]
  0x000001cdb31ed000 JavaThread "jar transforms Thread 13" [_thread_blocked, id=27620, stack(0x000000b1ed600000,0x000000b1ed700000)]
  0x000001cdb31eb800 JavaThread "jar transforms Thread 14" [_thread_blocked, id=1772, stack(0x000000b1ed700000,0x000000b1ed800000)]
  0x000001cdb31f2000 JavaThread "jar transforms Thread 15" [_thread_blocked, id=20328, stack(0x000000b1ed800000,0x000000b1ed900000)]
  0x000001cdb31f5000 JavaThread "jar transforms Thread 16" [_thread_blocked, id=21456, stack(0x000000b1ed900000,0x000000b1eda00000)]
  0x000001cdb31f7000 JavaThread "Memory manager" [_thread_blocked, id=4816, stack(0x000000b1eda00000,0x000000b1edb00000)]
  0x000001cdb8129800 JavaThread "Cache worker for Java compile cache (C:\Users\Rool\.gradle\caches\7.3.3\javaCompile)" [_thread_blocked, id=15928, stack(0x000000b1f0700000,0x000000b1f0800000)]
  0x000001cdb85cd800 JavaThread "ForkJoinPool.commonPool-worker-17" daemon [_thread_blocked, id=24984, stack(0x000000b1f2f00000,0x000000b1f3000000)]
  0x000001cdb85d2800 JavaThread "ForkJoinPool.commonPool-worker-21" daemon [_thread_blocked, id=8796, stack(0x000000b1f3100000,0x000000b1f3200000)]
  0x000001cdbc04e800 JavaThread "ForkJoinPool.commonPool-worker-23" daemon [_thread_blocked, id=16712, stack(0x000000b1f3700000,0x000000b1f3800000)]
  0x000001cdbc058800 JavaThread "ForkJoinPool.commonPool-worker-1" daemon [_thread_blocked, id=24044, stack(0x000000b1f3800000,0x000000b1f3900000)]
  0x000001cdba844000 JavaThread "ForkJoinPool.commonPool-worker-5" daemon [_thread_blocked, id=936, stack(0x000000b1f2d00000,0x000000b1f2e00000)]
  0x000001cdba83e000 JavaThread "ForkJoinPool.commonPool-worker-25" daemon [_thread_blocked, id=24448, stack(0x000000b1f2e00000,0x000000b1f2f00000)]
  0x000001cdba840000 JavaThread "ForkJoinPool.commonPool-worker-27" daemon [_thread_blocked, id=4652, stack(0x000000b1f3200000,0x000000b1f3300000)]
  0x000001cdba844800 JavaThread "ForkJoinPool.commonPool-worker-13" daemon [_thread_blocked, id=22384, stack(0x000000b1f3300000,0x000000b1f3400000)]
  0x000001cdba83f000 JavaThread "ForkJoinPool.commonPool-worker-15" daemon [_thread_blocked, id=9868, stack(0x000000b1f3400000,0x000000b1f3500000)]
  0x000001cdb8124000 JavaThread "Daemon Thread 5" [_thread_blocked, id=21788, stack(0x000000b1e0400000,0x000000b1e0500000)]
  0x000001cdb8124800 JavaThread "Daemon worker Thread 5" [_thread_in_vm, id=14144, stack(0x000000b1e1700000,0x000000b1e1800000)]
  0x000001cdc0067000 JavaThread "ForkJoinPool.commonPool-worker-31" daemon [_thread_blocked, id=27468, stack(0x000000b1f3900000,0x000000b1f3a00000)]
  0x000001cdc0068000 JavaThread "ForkJoinPool.commonPool-worker-19" daemon [_thread_blocked, id=15236, stack(0x000000b1f3a00000,0x000000b1f3b00000)]
  0x000001cdc0062800 JavaThread "Handler for socket connection from /127.0.0.1:52209 to /127.0.0.1:52981" [_thread_in_native, id=10860, stack(0x000000b1e0500000,0x000000b1e0600000)]
  0x000001cdc005f000 JavaThread "Cancel handler" [_thread_blocked, id=22172, stack(0x000000b1e0600000,0x000000b1e0700000)]
  0x000001cdc0064000 JavaThread "Asynchronous log dispatcher for DefaultDaemonConnection: socket connection from /127.0.0.1:52209 to /127.0.0.1:52981" [_thread_blocked, id=24084, stack(0x000000b1e1800000,0x000000b1e1900000)]
  0x000001cdc0060000 JavaThread "Stdin handler" [_thread_blocked, id=22464, stack(0x000000b1e2000000,0x000000b1e2100000)]
  0x000001cdc005e000 JavaThread "Daemon client event forwarder" [_thread_blocked, id=22864, stack(0x000000b1e2200000,0x000000b1e2300000)]
  0x000001cdc0065000 JavaThread "Cache worker for file hash cache (C:\Users\Rool\AndroidStudioProjects\LogicSimulator\.gradle\7.3.3\fileHashes)" [_thread_blocked, id=8140, stack(0x000000b1e2800000,0x000000b1e2900000)]
  0x000001cdc0061800 JavaThread "Cache worker for checksums cache (C:\Users\Rool\AndroidStudioProjects\LogicSimulator\.gradle\7.3.3\checksums)" [_thread_blocked, id=13464, stack(0x000000b1e3600000,0x000000b1e3700000)]
  0x000001cdc0063000 JavaThread "Cache worker for cache directory md-supplier (C:\Users\Rool\.gradle\caches\7.3.3\md-supplier)" [_thread_blocked, id=12184, stack(0x000000b1e3800000,0x000000b1e3900000)]
  0x000001cdc0065800 JavaThread "Cache worker for cache directory md-rule (C:\Users\Rool\.gradle\caches\7.3.3\md-rule)" [_thread_blocked, id=11428, stack(0x000000b1e3d00000,0x000000b1e3e00000)]
  0x000001cdc0066800 JavaThread "Cache worker for dependencies-accessors (C:\Users\Rool\AndroidStudioProjects\LogicSimulator\.gradle\7.3.3\dependencies-accessors)" [_thread_blocked, id=18372, stack(0x000000b1e3f00000,0x000000b1e4000000)]
  0x000001cdc0060800 JavaThread "Cache worker for Build Output Cleanup Cache (C:\Users\Rool\AndroidStudioProjects\LogicSimulator\.gradle\buildOutputCleanup)" [_thread_blocked, id=27064, stack(0x000000b1e4300000,0x000000b1e4400000)]
  0x000001cdc006d000 JavaThread "C2 CompilerThread1" daemon [_thread_in_native, id=27208, stack(0x000000b1e4500000,0x000000b1e4600000)]
  0x000001cdc006b800 JavaThread "C2 CompilerThread2" daemon [_thread_in_native, id=11720, stack(0x000000b1e4600000,0x000000b1e4700000)]
=>0x000001cdc006a800 JavaThread "C2 CompilerThread3" daemon [_thread_in_native, id=22896, stack(0x000000b1e4700000,0x000000b1e4800000)]
  0x000001cdc006c000 JavaThread "Unconstrained build operations" [_thread_blocked, id=23408, stack(0x000000b1e4800000,0x000000b1e4900000)]
  0x000001cdc006e000 JavaThread "Unconstrained build operations Thread 2" [_thread_blocked, id=17036, stack(0x000000b1e4900000,0x000000b1e4a00000)]
  0x000001cdc006e800 JavaThread "Unconstrained build operations Thread 3" [_thread_blocked, id=16756, stack(0x000000b1e4a00000,0x000000b1e4b00000)]
  0x000001cdc0069000 JavaThread "Unconstrained build operations Thread 4" [_thread_blocked, id=21916, stack(0x000000b1e4b00000,0x000000b1e4c00000)]
  0x000001cdc006f800 JavaThread "Unconstrained build operations Thread 5" [_thread_blocked, id=22752, stack(0x000000b1e4c00000,0x000000b1e4d00000)]
  0x000001cdc0069800 JavaThread "Unconstrained build operations Thread 6" [_thread_blocked, id=23040, stack(0x000000b1e4d00000,0x000000b1e4e00000)]
  0x000001cdc0076000 JavaThread "Unconstrained build operations Thread 7" [_thread_blocked, id=10220, stack(0x000000b1e4e00000,0x000000b1e4f00000)]
  0x000001cdc0072800 JavaThread "Unconstrained build operations Thread 8" [_thread_blocked, id=27200, stack(0x000000b1e4f00000,0x000000b1e5000000)]
  0x000001cdc0074800 JavaThread "Unconstrained build operations Thread 9" [_thread_blocked, id=8044, stack(0x000000b1e5000000,0x000000b1e5100000)]
  0x000001cdc0070000 JavaThread "Unconstrained build operations Thread 10" [_thread_blocked, id=584, stack(0x000000b1e5100000,0x000000b1e5200000)]
  0x000001cdc0073800 JavaThread "Unconstrained build operations Thread 11" [_thread_blocked, id=23536, stack(0x000000b1e5200000,0x000000b1e5300000)]
  0x000001cdc0076800 JavaThread "Unconstrained build operations Thread 12" [_thread_blocked, id=26160, stack(0x000000b1e5300000,0x000000b1e5400000)]
  0x000001cdc0071000 JavaThread "Unconstrained build operations Thread 13" [_thread_blocked, id=14924, stack(0x000000b1e5400000,0x000000b1e5500000)]
  0x000001cdc0075000 JavaThread "Unconstrained build operations Thread 14" [_thread_blocked, id=24316, stack(0x000000b1e5500000,0x000000b1e5600000)]
  0x000001cdc0077800 JavaThread "Unconstrained build operations Thread 15" [_thread_blocked, id=23240, stack(0x000000b1e5600000,0x000000b1e5700000)]
  0x000001cdc0072000 JavaThread "Unconstrained build operations Thread 16" [_thread_blocked, id=20688, stack(0x000000b1e5700000,0x000000b1e5800000)]
  0x000001cdc007c800 JavaThread "Unconstrained build operations Thread 17" [_thread_blocked, id=24904, stack(0x000000b1e5800000,0x000000b1e5900000)]
  0x000001cdc0079000 JavaThread "Unconstrained build operations Thread 18" [_thread_blocked, id=12536, stack(0x000000b1e5900000,0x000000b1e5a00000)]
  0x000001cdc007a000 JavaThread "Unconstrained build operations Thread 19" [_thread_blocked, id=23212, stack(0x000000b1e5a00000,0x000000b1e5b00000)]
  0x000001cdc0078800 JavaThread "Unconstrained build operations Thread 20" [_thread_blocked, id=26312, stack(0x000000b1e5b00000,0x000000b1e5c00000)]
  0x000001cdc007b000 JavaThread "Unconstrained build operations Thread 21" [_thread_blocked, id=26340, stack(0x000000b1e5c00000,0x000000b1e5d00000)]
  0x000001cdc007b800 JavaThread "Unconstrained build operations Thread 22" [_thread_blocked, id=11484, stack(0x000000b1e5d00000,0x000000b1e5e00000)]
  0x000001cdc007d800 JavaThread "Unconstrained build operations Thread 23" [_thread_blocked, id=9644, stack(0x000000b1e5e00000,0x000000b1e5f00000)]
  0x000001cdb6e18000 JavaThread "Unconstrained build operations Thread 24" [_thread_blocked, id=2644, stack(0x000000b1e5f00000,0x000000b1e6000000)]
  0x000001cdb6e15800 JavaThread "Unconstrained build operations Thread 25" [_thread_blocked, id=2620, stack(0x000000b1e6000000,0x000000b1e6100000)]
  0x000001cdb6e13800 JavaThread "Unconstrained build operations Thread 26" [_thread_blocked, id=21932, stack(0x000000b1e6100000,0x000000b1e6200000)]
  0x000001cdb6e19800 JavaThread "Unconstrained build operations Thread 27" [_thread_blocked, id=18840, stack(0x000000b1e6200000,0x000000b1e6300000)]
  0x000001cdb6e1a800 JavaThread "Unconstrained build operations Thread 28" [_thread_blocked, id=11272, stack(0x000000b1e6300000,0x000000b1e6400000)]
  0x000001cdb6e16000 JavaThread "Unconstrained build operations Thread 29" [_thread_blocked, id=14008, stack(0x000000b1e6400000,0x000000b1e6500000)]
  0x000001cdb6e14800 JavaThread "Unconstrained build operations Thread 30" [_thread_blocked, id=19868, stack(0x000000b1e6500000,0x000000b1e6600000)]
  0x000001cdb6e17000 JavaThread "Unconstrained build operations Thread 31" [_thread_blocked, id=12928, stack(0x000000b1e6600000,0x000000b1e6700000)]
  0x000001cdb6e1c800 JavaThread "Unconstrained build operations Thread 32" [_thread_blocked, id=6624, stack(0x000000b1e6700000,0x000000b1e6800000)]
  0x000001cdb6e1d800 JavaThread "Unconstrained build operations Thread 33" [_thread_blocked, id=26500, stack(0x000000b1e6800000,0x000000b1e6900000)]
  0x000001cdb6e18800 JavaThread "Unconstrained build operations Thread 34" [_thread_blocked, id=20788, stack(0x000000b1e6900000,0x000000b1e6a00000)]
  0x000001cdb6e1e800 JavaThread "Unconstrained build operations Thread 35" [_thread_blocked, id=24500, stack(0x000000b1e6a00000,0x000000b1e6b00000)]
  0x000001cdb6e21000 JavaThread "Unconstrained build operations Thread 36" [_thread_blocked, id=23900, stack(0x000000b1e6b00000,0x000000b1e6c00000)]
  0x000001cdb6e20000 JavaThread "Unconstrained build operations Thread 37" [_thread_blocked, id=26032, stack(0x000000b1e6c00000,0x000000b1e6d00000)]
  0x000001cdb6e1c000 JavaThread "Unconstrained build operations Thread 38" [_thread_blocked, id=23136, stack(0x000000b1e6d00000,0x000000b1e6e00000)]
  0x000001cdb6e1b000 JavaThread "Unconstrained build operations Thread 39" [_thread_blocked, id=2516, stack(0x000000b1e6e00000,0x000000b1e6f00000)]
  0x000001cdb6e22800 JavaThread "Unconstrained build operations Thread 40" [_thread_blocked, id=15868, stack(0x000000b1e6f00000,0x000000b1e7000000)]
  0x000001cdb6e21800 JavaThread "Unconstrained build operations Thread 41" [_thread_blocked, id=22532, stack(0x000000b1e7000000,0x000000b1e7100000)]
  0x000001cdb6e23000 JavaThread "Unconstrained build operations Thread 42" [_thread_blocked, id=9884, stack(0x000000b1e7100000,0x000000b1e7200000)]
  0x000001cdb6e25000 JavaThread "Unconstrained build operations Thread 43" [_thread_blocked, id=26388, stack(0x000000b1e7200000,0x000000b1e7300000)]
  0x000001cdb6e24000 JavaThread "Unconstrained build operations Thread 44" [_thread_blocked, id=23964, stack(0x000000b1e7300000,0x000000b1e7400000)]
  0x000001cdb6e1f000 JavaThread "Unconstrained build operations Thread 45" [_thread_blocked, id=22496, stack(0x000000b1e7400000,0x000000b1e7500000)]
  0x000001cdb6e27800 JavaThread "Unconstrained build operations Thread 46" [_thread_blocked, id=22380, stack(0x000000b1e7500000,0x000000b1e7600000)]
  0x000001cdb6e28000 JavaThread "Unconstrained build operations Thread 47" [_thread_blocked, id=22576, stack(0x000000b1e7600000,0x000000b1e7700000)]
  0x000001cdb6e2b800 JavaThread "Unconstrained build operations Thread 48" [_thread_blocked, id=25044, stack(0x000000b1e7700000,0x000000b1e7800000)]
  0x000001cdb6e29000 JavaThread "Unconstrained build operations Thread 49" [_thread_blocked, id=22836, stack(0x000000b1e7800000,0x000000b1e7900000)]
  0x000001cdb6e2a000 JavaThread "Unconstrained build operations Thread 50" [_thread_blocked, id=26444, stack(0x000000b1e7900000,0x000000b1e7a00000)]
  0x000001cdb6e2a800 JavaThread "Unconstrained build operations Thread 51" [_thread_blocked, id=23444, stack(0x000000b1e7a00000,0x000000b1e7b00000)]
  0x000001cdb6e26800 JavaThread "Unconstrained build operations Thread 52" [_thread_blocked, id=21520, stack(0x000000b1e7b00000,0x000000b1e7c00000)]
  0x000001cdb6e25800 JavaThread "Unconstrained build operations Thread 53" [_thread_blocked, id=19388, stack(0x000000b1e7c00000,0x000000b1e7d00000)]
  0x000001cdb6e2d000 JavaThread "Unconstrained build operations Thread 54" [_thread_blocked, id=23748, stack(0x000000b1e7d00000,0x000000b1e7e00000)]
  0x000001cdb6e2e000 JavaThread "Unconstrained build operations Thread 55" [_thread_blocked, id=24936, stack(0x000000b1e7e00000,0x000000b1e7f00000)]
  0x000001cdb6e32000 JavaThread "Unconstrained build operations Thread 56" [_thread_blocked, id=27224, stack(0x000000b1e7f00000,0x000000b1e8000000)]
  0x000001cdb6e31000 JavaThread "Unconstrained build operations Thread 57" [_thread_blocked, id=8552, stack(0x000000b1e8000000,0x000000b1e8100000)]
  0x000001cdb6e2e800 JavaThread "Unconstrained build operations Thread 58" [_thread_blocked, id=25268, stack(0x000000b1e8100000,0x000000b1e8200000)]
  0x000001cdb6e2f800 JavaThread "Unconstrained build operations Thread 59" [_thread_blocked, id=20048, stack(0x000000b1e8200000,0x000000b1e8300000)]
  0x000001cdb6e30800 JavaThread "Unconstrained build operations Thread 60" [_thread_blocked, id=26984, stack(0x000000b1e8300000,0x000000b1e8400000)]
  0x000001cdb6e2c000 JavaThread "Unconstrained build operations Thread 61" [_thread_blocked, id=21124, stack(0x000000b1e8400000,0x000000b1e8500000)]
  0x000001cdb85bf000 JavaThread "Unconstrained build operations Thread 62" [_thread_blocked, id=24712, stack(0x000000b1e8500000,0x000000b1e8600000)]
  0x000001cdb85c1800 JavaThread "Unconstrained build operations Thread 63" [_thread_blocked, id=2828, stack(0x000000b1e8600000,0x000000b1e8700000)]
  0x000001cdb85c3000 JavaThread "Unconstrained build operations Thread 64" [_thread_blocked, id=14936, stack(0x000000b1e8700000,0x000000b1e8800000)]
  0x000001cdb85bf800 JavaThread "Unconstrained build operations Thread 65" [_thread_blocked, id=17520, stack(0x000000b1e8800000,0x000000b1e8900000)]
  0x000001cdb85be000 JavaThread "Unconstrained build operations Thread 66" [_thread_blocked, id=23704, stack(0x000000b1e8900000,0x000000b1e8a00000)]
  0x000001cdb85c4800 JavaThread "Unconstrained build operations Thread 67" [_thread_blocked, id=3672, stack(0x000000b1e8a00000,0x000000b1e8b00000)]
  0x000001cdb85c2000 JavaThread "Unconstrained build operations Thread 68" [_thread_blocked, id=24108, stack(0x000000b1e8b00000,0x000000b1e8c00000)]
  0x000001cdb85c4000 JavaThread "Unconstrained build operations Thread 69" [_thread_blocked, id=6716, stack(0x000000b1e8c00000,0x000000b1e8d00000)]
  0x000001cdb85c5800 JavaThread "Unconstrained build operations Thread 70" [_thread_blocked, id=11080, stack(0x000000b1e8d00000,0x000000b1e8e00000)]
  0x000001cdb85c6800 JavaThread "Unconstrained build operations Thread 71" [_thread_blocked, id=5144, stack(0x000000b1e8e00000,0x000000b1e8f00000)]
  0x000001cdb85c0800 JavaThread "Unconstrained build operations Thread 72" [_thread_blocked, id=21256, stack(0x000000b1e8f00000,0x000000b1e9000000)]
  0x000001cdb85c8000 JavaThread "Unconstrained build operations Thread 73" [_thread_blocked, id=24560, stack(0x000000b1e9000000,0x000000b1e9100000)]
  0x000001cdb85c9800 JavaThread "Unconstrained build operations Thread 74" [_thread_blocked, id=20188, stack(0x000000b1e9100000,0x000000b1e9200000)]
  0x000001cdb85ca800 JavaThread "Unconstrained build operations Thread 75" [_thread_blocked, id=18064, stack(0x000000b1e9200000,0x000000b1e9300000)]
  0x000001cdb85c8800 JavaThread "Unconstrained build operations Thread 76" [_thread_blocked, id=11576, stack(0x000000b1e9300000,0x000000b1e9400000)]
  0x000001cdb85cb000 JavaThread "Unconstrained build operations Thread 77" [_thread_blocked, id=15088, stack(0x000000b1e9400000,0x000000b1e9500000)]

Other Threads:
  0x000001cdaf4d0000 VMThread "VM Thread" [stack: 0x000000b1e0d00000,0x000000b1e0e00000] [id=400]
  0x000001cdaf728800 WatcherThread [stack: 0x000000b1e1900000,0x000000b1e1a00000] [id=14224]
  0x000001cd93c64800 GCTaskThread "GC Thread#0" [stack: 0x000000b1e0800000,0x000000b1e0900000] [id=24304]
  0x000001cdaff9b800 GCTaskThread "GC Thread#1" [stack: 0x000000b1e1c00000,0x000000b1e1d00000] [id=976]
  0x000001cdaff9c800 GCTaskThread "GC Thread#2" [stack: 0x000000b1e1d00000,0x000000b1e1e00000] [id=13192]
  0x000001cdafe60000 GCTaskThread "GC Thread#3" [stack: 0x000000b1e1e00000,0x000000b1e1f00000] [id=9984]
  0x000001cdafe61000 GCTaskThread "GC Thread#4" [stack: 0x000000b1e1f00000,0x000000b1e2000000] [id=19764]
  0x000001cdb0d76800 GCTaskThread "GC Thread#5" [stack: 0x000000b1e2c00000,0x000000b1e2d00000] [id=25280]
  0x000001cdb04e7000 GCTaskThread "GC Thread#6" [stack: 0x000000b1e2d00000,0x000000b1e2e00000] [id=17740]
  0x000001cdb0b00000 GCTaskThread "GC Thread#7" [stack: 0x000000b1e2e00000,0x000000b1e2f00000] [id=24672]
  0x000001cdb1693000 GCTaskThread "GC Thread#8" [stack: 0x000000b1e2f00000,0x000000b1e3000000] [id=25796]
  0x000001cdb1acb000 GCTaskThread "GC Thread#9" [stack: 0x000000b1e3000000,0x000000b1e3100000] [id=5520]
  0x000001cdb22d7000 GCTaskThread "GC Thread#10" [stack: 0x000000b1e3100000,0x000000b1e3200000] [id=1244]
  0x000001cdb079e800 GCTaskThread "GC Thread#11" [stack: 0x000000b1e3200000,0x000000b1e3300000] [id=16692]
  0x000001cdb0d4f800 GCTaskThread "GC Thread#12" [stack: 0x000000b1e3300000,0x000000b1e3400000] [id=11440]
  0x000001cd93c98800 ConcurrentGCThread "G1 Main Marker" [stack: 0x000000b1e0900000,0x000000b1e0a00000] [id=23840]
  0x000001cd93c9c000 ConcurrentGCThread "G1 Conc#0" [stack: 0x000000b1e0a00000,0x000000b1e0b00000] [id=25504]
  0x000001cdb0a23800 ConcurrentGCThread "G1 Conc#1" [stack: 0x000000b1e3400000,0x000000b1e3500000] [id=27112]
  0x000001cdb16ee000 ConcurrentGCThread "G1 Conc#2" [stack: 0x000000b1e3500000,0x000000b1e3600000] [id=20856]
  0x000001cdaeb1d800 ConcurrentGCThread "G1 Refine#0" [stack: 0x000000b1e0b00000,0x000000b1e0c00000] [id=15296]
  0x000001cdb2c1c000 ConcurrentGCThread "G1 Refine#1" [stack: 0x000000b1e3700000,0x000000b1e3800000] [id=7216]
  0x000001cdb2c19800 ConcurrentGCThread "G1 Refine#2" [stack: 0x000000b1e3b00000,0x000000b1e3c00000] [id=24360]
  0x000001cdb65e1800 ConcurrentGCThread "G1 Refine#3" [stack: 0x000000b1e3c00000,0x000000b1e3d00000] [id=21148]
  0x000001cdb65e0000 ConcurrentGCThread "G1 Refine#4" [stack: 0x000000b1e2300000,0x000000b1e2400000] [id=12060]
  0x000001cdb65e2800 ConcurrentGCThread "G1 Refine#5" [stack: 0x000000b1e2400000,0x000000b1e2500000] [id=9236]
  0x000001cdb65e5000 ConcurrentGCThread "G1 Refine#6" [stack: 0x000000b1e2500000,0x000000b1e2600000] [id=14248]
  0x000001cdb65e6800 ConcurrentGCThread "G1 Refine#7" [stack: 0x000000b1e2600000,0x000000b1e2700000] [id=27348]
  0x000001cdb65ea000 ConcurrentGCThread "G1 Refine#8" [stack: 0x000000b1e2700000,0x000000b1e2800000] [id=25420]
  0x000001cdaeb1e800 ConcurrentGCThread "G1 Young RemSet Sampling" [stack: 0x000000b1e0c00000,0x000000b1e0d00000] [id=21912]

Threads with active compile tasks:
C2 CompilerThread0 931530 22555       4       org.gradle.cache.internal.DefaultPersistentDirectoryStore::useCache (11 bytes)
C2 CompilerThread1 931530 22575   !   4       java.util.concurrent.ArrayBlockingQueue::put (58 bytes)
C2 CompilerThread2 931530 22559  s    4       org.gradle.internal.component.external.model.AbstractLazyModuleComponentResolveMetadata::getConfiguration (44 bytes)
C2 CompilerThread3 931530 22560       4       org.gradle.api.internal.artifacts.ivyservice.resolveengine.graph.builder.SelectorState::update (95 bytes)

VM state:not at safepoint (normal execution)

VM Mutex/Monitor currently owned by a thread: None

OutOfMemory and StackOverflow Exception counts:
OutOfMemoryError java_heap_errors=1
StackOverflowErrors=1
LinkageErrors=162

Heap address: 0x0000000080000000, size: 2048 MB, Compressed Oops mode: 32-bit
Narrow klass base: 0x0000000000000000, Narrow klass shift: 3
Compressed class space size: 1073741824 Address: 0x0000000100000000

Heap:
 garbage-first heap   total 253952K, used 175085K [0x0000000080000000, 0x0000000100000000)
  region size 1024K, 62 young (63488K), 7 survivors (7168K)
 Metaspace       used 117362K, capacity 120734K, committed 121132K, reserved 1155072K
  class space    used 14801K, capacity 16107K, committed 16332K, reserved 1048576K
Heap Regions: E=young(eden), S=young(survivor), O=old, HS=humongous(starts), HC=humongous(continues), CS=collection set, F=free, A=archive, TAMS=top-at-mark-start (previous, next)
|   0|0x0000000080000000, 0x0000000080100000, 0x0000000080100000|100%| O|  |TAMS 0x0000000080100000, 0x0000000080000000| Untracked 
|   1|0x0000000080100000, 0x0000000080200000, 0x0000000080200000|100%| O|  |TAMS 0x0000000080200000, 0x0000000080100000| Untracked 
|   2|0x0000000080200000, 0x0000000080300000, 0x0000000080300000|100%| O|  |TAMS 0x0000000080300000, 0x0000000080200000| Untracked 
|   3|0x0000000080300000, 0x0000000080400000, 0x0000000080400000|100%|HS|  |TAMS 0x0000000080400000, 0x0000000080300000| Complete 
|   4|0x0000000080400000, 0x0000000080500000, 0x0000000080500000|100%|HC|  |TAMS 0x0000000080500000, 0x0000000080400000| Complete 
|   5|0x0000000080500000, 0x0000000080600000, 0x0000000080600000|100%|HC|  |TAMS 0x0000000080600000, 0x0000000080500000| Complete 
|   6|0x0000000080600000, 0x0000000080700000, 0x0000000080700000|100%| O|  |TAMS 0x0000000080700000, 0x0000000080600000| Untracked 
|   7|0x0000000080700000, 0x0000000080800000, 0x0000000080800000|100%| O|  |TAMS 0x0000000080800000, 0x0000000080700000| Untracked 
|   8|0x0000000080800000, 0x0000000080900000, 0x0000000080900000|100%| O|  |TAMS 0x0000000080900000, 0x0000000080800000| Untracked 
|   9|0x0000000080900000, 0x0000000080a00000, 0x0000000080a00000|100%| O|  |TAMS 0x0000000080a00000, 0x0000000080900000| Untracked 
|  10|0x0000000080a00000, 0x0000000080b00000, 0x0000000080b00000|100%| O|  |TAMS 0x0000000080b00000, 0x0000000080a00000| Untracked 
|  11|0x0000000080b00000, 0x0000000080c00000, 0x0000000080c00000|100%| O|  |TAMS 0x0000000080c00000, 0x0000000080b00000| Untracked 
|  12|0x0000000080c00000, 0x0000000080d00000, 0x0000000080d00000|100%| O|  |TAMS 0x0000000080d00000, 0x0000000080c00000| Untracked 
|  13|0x0000000080d00000, 0x0000000080e00000, 0x0000000080e00000|100%| O|  |TAMS 0x0000000080e00000, 0x0000000080d00000| Untracked 
|  14|0x0000000080e00000, 0x0000000080f00000, 0x0000000080f00000|100%| O|  |TAMS 0x0000000080f00000, 0x0000000080e00000| Untracked 
|  15|0x0000000080f00000, 0x0000000081000000, 0x0000000081000000|100%| O|  |TAMS 0x0000000081000000, 0x0000000080f00000| Untracked 
|  16|0x0000000081000000, 0x0000000081100000, 0x0000000081100000|100%| O|  |TAMS 0x0000000081100000, 0x0000000081000000| Untracked 
|  17|0x0000000081100000, 0x0000000081200000, 0x0000000081200000|100%|HS|  |TAMS 0x0000000081200000, 0x0000000081100000| Complete 
|  18|0x0000000081200000, 0x0000000081300000, 0x0000000081300000|100%|HS|  |TAMS 0x0000000081300000, 0x0000000081200000| Complete 
|  19|0x0000000081300000, 0x0000000081400000, 0x0000000081400000|100%|HS|  |TAMS 0x0000000081400000, 0x0000000081300000| Complete 
|  20|0x0000000081400000, 0x0000000081500000, 0x0000000081500000|100%|HC|  |TAMS 0x0000000081500000, 0x0000000081400000| Complete 
|  21|0x0000000081500000, 0x0000000081600000, 0x0000000081600000|100%| O|  |TAMS 0x0000000081600000, 0x0000000081500000| Untracked 
|  22|0x0000000081600000, 0x0000000081700000, 0x0000000081700000|100%| O|  |TAMS 0x0000000081700000, 0x0000000081600000| Untracked 
|  23|0x0000000081700000, 0x0000000081800000, 0x0000000081800000|100%| O|  |TAMS 0x0000000081800000, 0x0000000081700000| Untracked 
|  24|0x0000000081800000, 0x0000000081900000, 0x0000000081900000|100%| O|  |TAMS 0x0000000081900000, 0x0000000081800000| Untracked 
|  25|0x0000000081900000, 0x0000000081a00000, 0x0000000081a00000|100%| O|  |TAMS 0x0000000081a00000, 0x0000000081900000| Untracked 
|  26|0x0000000081a00000, 0x0000000081b00000, 0x0000000081b00000|100%| O|  |TAMS 0x0000000081b00000, 0x0000000081a00000| Untracked 
|  27|0x0000000081b00000, 0x0000000081c00000, 0x0000000081c00000|100%| O|  |TAMS 0x0000000081c00000, 0x0000000081b00000| Untracked 
|  28|0x0000000081c00000, 0x0000000081d00000, 0x0000000081d00000|100%| O|  |TAMS 0x0000000081d00000, 0x0000000081c00000| Untracked 
|  29|0x0000000081d00000, 0x0000000081e00000, 0x0000000081e00000|100%| O|  |TAMS 0x0000000081e00000, 0x0000000081d00000| Untracked 
|  30|0x0000000081e00000, 0x0000000081f00000, 0x0000000081f00000|100%| O|  |TAMS 0x0000000081f00000, 0x0000000081e00000| Untracked 
|  31|0x0000000081f00000, 0x0000000082000000, 0x0000000082000000|100%| O|  |TAMS 0x0000000082000000, 0x0000000081f00000| Untracked 
|  32|0x0000000082000000, 0x0000000082100000, 0x0000000082100000|100%| O|  |TAMS 0x0000000082100000, 0x0000000082000000| Untracked 
|  33|0x0000000082100000, 0x0000000082200000, 0x0000000082200000|100%| O|  |TAMS 0x0000000082200000, 0x0000000082100000| Untracked 
|  34|0x0000000082200000, 0x0000000082300000, 0x0000000082300000|100%| O|  |TAMS 0x0000000082300000, 0x0000000082200000| Untracked 
|  35|0x0000000082300000, 0x0000000082400000, 0x0000000082400000|100%| O|  |TAMS 0x0000000082400000, 0x0000000082300000| Untracked 
|  36|0x0000000082400000, 0x0000000082500000, 0x0000000082500000|100%| O|  |TAMS 0x0000000082500000, 0x0000000082400000| Untracked 
|  37|0x0000000082500000, 0x0000000082600000, 0x0000000082600000|100%| O|  |TAMS 0x0000000082600000, 0x0000000082500000| Untracked 
|  38|0x0000000082600000, 0x0000000082700000, 0x0000000082700000|100%| O|  |TAMS 0x0000000082700000, 0x0000000082600000| Untracked 
|  39|0x0000000082700000, 0x0000000082800000, 0x0000000082800000|100%| O|  |TAMS 0x0000000082800000, 0x0000000082700000| Untracked 
|  40|0x0000000082800000, 0x0000000082900000, 0x0000000082900000|100%| O|  |TAMS 0x0000000082900000, 0x0000000082800000| Untracked 
|  41|0x0000000082900000, 0x0000000082a00000, 0x0000000082a00000|100%| O|  |TAMS 0x0000000082a00000, 0x0000000082900000| Untracked 
|  42|0x0000000082a00000, 0x0000000082b00000, 0x0000000082b00000|100%| O|  |TAMS 0x0000000082b00000, 0x0000000082a00000| Untracked 
|  43|0x0000000082b00000, 0x0000000082c00000, 0x0000000082c00000|100%| O|  |TAMS 0x0000000082c00000, 0x0000000082b00000| Untracked 
|  44|0x0000000082c00000, 0x0000000082d00000, 0x0000000082d00000|100%| O|  |TAMS 0x0000000082d00000, 0x0000000082c00000| Untracked 
|  45|0x0000000082d00000, 0x0000000082e00000, 0x0000000082e00000|100%| O|  |TAMS 0x0000000082e00000, 0x0000000082d00000| Untracked 
|  46|0x0000000082e00000, 0x0000000082f00000, 0x0000000082f00000|100%| O|  |TAMS 0x0000000082f00000, 0x0000000082e00000| Untracked 
|  47|0x0000000082f00000, 0x0000000083000000, 0x0000000083000000|100%| O|  |TAMS 0x0000000083000000, 0x0000000082f00000| Untracked 
|  48|0x0000000083000000, 0x0000000083100000, 0x0000000083100000|100%| O|  |TAMS 0x0000000083100000, 0x0000000083000000| Untracked 
|  49|0x0000000083100000, 0x0000000083200000, 0x0000000083200000|100%| O|  |TAMS 0x0000000083200000, 0x0000000083100000| Untracked 
|  50|0x0000000083200000, 0x0000000083300000, 0x0000000083300000|100%| O|  |TAMS 0x0000000083300000, 0x0000000083200000| Untracked 
|  51|0x0000000083300000, 0x0000000083400000, 0x0000000083400000|100%| O|  |TAMS 0x0000000083400000, 0x0000000083300000| Untracked 
|  52|0x0000000083400000, 0x0000000083500000, 0x0000000083500000|100%| O|  |TAMS 0x0000000083500000, 0x0000000083400000| Untracked 
|  53|0x0000000083500000, 0x0000000083600000, 0x0000000083600000|100%| O|  |TAMS 0x0000000083600000, 0x0000000083500000| Untracked 
|  54|0x0000000083600000, 0x0000000083700000, 0x0000000083700000|100%| O|  |TAMS 0x0000000083700000, 0x0000000083600000| Untracked 
|  55|0x0000000083700000, 0x0000000083800000, 0x0000000083800000|100%| O|  |TAMS 0x0000000083800000, 0x0000000083700000| Untracked 
|  56|0x0000000083800000, 0x0000000083900000, 0x0000000083900000|100%| O|  |TAMS 0x0000000083900000, 0x0000000083800000| Untracked 
|  57|0x0000000083900000, 0x0000000083a00000, 0x0000000083a00000|100%| O|  |TAMS 0x0000000083a00000, 0x0000000083900000| Untracked 
|  58|0x0000000083a00000, 0x0000000083b00000, 0x0000000083b00000|100%| O|  |TAMS 0x0000000083b00000, 0x0000000083a00000| Untracked 
|  59|0x0000000083b00000, 0x0000000083c00000, 0x0000000083c00000|100%| O|  |TAMS 0x0000000083c00000, 0x0000000083b00000| Untracked 
|  60|0x0000000083c00000, 0x0000000083d00000, 0x0000000083d00000|100%| O|  |TAMS 0x0000000083d00000, 0x0000000083c00000| Untracked 
|  61|0x0000000083d00000, 0x0000000083e00000, 0x0000000083e00000|100%| O|  |TAMS 0x0000000083e00000, 0x0000000083d00000| Untracked 
|  62|0x0000000083e00000, 0x0000000083f00000, 0x0000000083f00000|100%| O|  |TAMS 0x0000000083f00000, 0x0000000083e00000| Untracked 
|  63|0x0000000083f00000, 0x0000000084000000, 0x0000000084000000|100%| O|  |TAMS 0x0000000084000000, 0x0000000083f00000| Untracked 
|  64|0x0000000084000000, 0x0000000084100000, 0x0000000084100000|100%| O|  |TAMS 0x0000000084100000, 0x0000000084000000| Untracked 
|  65|0x0000000084100000, 0x0000000084200000, 0x0000000084200000|100%| O|  |TAMS 0x0000000084200000, 0x0000000084100000| Untracked 
|  66|0x0000000084200000, 0x0000000084300000, 0x0000000084300000|100%| O|  |TAMS 0x0000000084300000, 0x0000000084200000| Untracked 
|  67|0x0000000084300000, 0x0000000084400000, 0x0000000084400000|100%| O|  |TAMS 0x0000000084400000, 0x0000000084300000| Untracked 
|  68|0x0000000084400000, 0x0000000084500000, 0x0000000084500000|100%| O|  |TAMS 0x0000000084500000, 0x0000000084400000| Untracked 
|  69|0x0000000084500000, 0x0000000084600000, 0x0000000084600000|100%| O|  |TAMS 0x0000000084600000, 0x0000000084500000| Untracked 
|  70|0x0000000084600000, 0x0000000084700000, 0x0000000084700000|100%|HS|  |TAMS 0x0000000084600000, 0x0000000084600000| Complete 
|  71|0x0000000084700000, 0x0000000084800000, 0x0000000084800000|100%|HC|  |TAMS 0x0000000084700000, 0x0000000084700000| Complete 
|  72|0x0000000084800000, 0x0000000084800000, 0x0000000084900000|  0%| F|  |TAMS 0x0000000084800000, 0x0000000084800000| Untracked 
|  73|0x0000000084900000, 0x0000000084a00000, 0x0000000084a00000|100%| O|  |TAMS 0x0000000084900000, 0x0000000084900000| Untracked 
|  74|0x0000000084a00000, 0x0000000084b00000, 0x0000000084b00000|100%| O|  |TAMS 0x0000000084b00000, 0x0000000084a00000| Untracked 
|  75|0x0000000084b00000, 0x0000000084c00000, 0x0000000084c00000|100%| O|  |TAMS 0x0000000084c00000, 0x0000000084b00000| Untracked 
|  76|0x0000000084c00000, 0x0000000084d00000, 0x0000000084d00000|100%| O|  |TAMS 0x0000000084d00000, 0x0000000084c00000| Untracked 
|  77|0x0000000084d00000, 0x0000000084e00000, 0x0000000084e00000|100%|HS|  |TAMS 0x0000000084e00000, 0x0000000084d00000| Complete 
|  78|0x0000000084e00000, 0x0000000084f00000, 0x0000000084f00000|100%|HC|  |TAMS 0x0000000084f00000, 0x0000000084e00000| Complete 
|  79|0x0000000084f00000, 0x0000000085000000, 0x0000000085000000|100%|HS|  |TAMS 0x0000000084f00000, 0x0000000084f00000| Complete 
|  80|0x0000000085000000, 0x0000000085100000, 0x0000000085100000|100%|HC|  |TAMS 0x0000000085000000, 0x0000000085000000| Complete 
|  81|0x0000000085100000, 0x0000000085100000, 0x0000000085200000|  0%| F|  |TAMS 0x0000000085100000, 0x0000000085100000| Untracked 
|  82|0x0000000085200000, 0x0000000085300000, 0x0000000085300000|100%| O|  |TAMS 0x0000000085300000, 0x0000000085200000| Untracked 
|  83|0x0000000085300000, 0x0000000085400000, 0x0000000085400000|100%| O|  |TAMS 0x0000000085400000, 0x0000000085300000| Untracked 
|  84|0x0000000085400000, 0x0000000085500000, 0x0000000085500000|100%| O|  |TAMS 0x0000000085500000, 0x0000000085400000| Untracked 
|  85|0x0000000085500000, 0x0000000085600000, 0x0000000085600000|100%| O|  |TAMS 0x0000000085600000, 0x0000000085500000| Untracked 
|  86|0x0000000085600000, 0x0000000085700000, 0x0000000085700000|100%| O|  |TAMS 0x0000000085700000, 0x0000000085600000| Untracked 
|  87|0x0000000085700000, 0x0000000085800000, 0x0000000085800000|100%| O|  |TAMS 0x0000000085800000, 0x0000000085700000| Untracked 
|  88|0x0000000085800000, 0x0000000085900000, 0x0000000085900000|100%| O|  |TAMS 0x0000000085900000, 0x0000000085800000| Untracked 
|  89|0x0000000085900000, 0x0000000085a00000, 0x0000000085a00000|100%| O|  |TAMS 0x0000000085a00000, 0x0000000085900000| Untracked 
|  90|0x0000000085a00000, 0x0000000085b00000, 0x0000000085b00000|100%| O|  |TAMS 0x0000000085b00000, 0x0000000085a00000| Untracked 
|  91|0x0000000085b00000, 0x0000000085b00000, 0x0000000085c00000|  0%| F|  |TAMS 0x0000000085b00000, 0x0000000085b00000| Untracked 
|  92|0x0000000085c00000, 0x0000000085d00000, 0x0000000085d00000|100%|HS|  |TAMS 0x0000000085d00000, 0x0000000085c00000| Complete 
|  93|0x0000000085d00000, 0x0000000085e00000, 0x0000000085e00000|100%|HC|  |TAMS 0x0000000085e00000, 0x0000000085d00000| Complete 
|  94|0x0000000085e00000, 0x0000000085f00000, 0x0000000085f00000|100%|HS|  |TAMS 0x0000000085e00000, 0x0000000085e00000| Complete 
|  95|0x0000000085f00000, 0x0000000086000000, 0x0000000086000000|100%|HC|  |TAMS 0x0000000085f00000, 0x0000000085f00000| Complete 
|  96|0x0000000086000000, 0x0000000086100000, 0x0000000086100000|100%| O|  |TAMS 0x0000000086000000, 0x0000000086000000| Untracked 
|  97|0x0000000086100000, 0x0000000086200000, 0x0000000086200000|100%|HS|  |TAMS 0x0000000086100000, 0x0000000086100000| Complete 
|  98|0x0000000086200000, 0x0000000086300000, 0x0000000086300000|100%|HC|  |TAMS 0x0000000086200000, 0x0000000086200000| Complete 
|  99|0x0000000086300000, 0x0000000086400000, 0x0000000086400000|100%| O|  |TAMS 0x0000000086400000, 0x0000000086300000| Untracked 
| 100|0x0000000086400000, 0x0000000086500000, 0x0000000086500000|100%|HS|  |TAMS 0x0000000086400000, 0x0000000086400000| Complete 
| 101|0x0000000086500000, 0x0000000086600000, 0x0000000086600000|100%|HC|  |TAMS 0x0000000086500000, 0x0000000086500000| Complete 
| 102|0x0000000086600000, 0x0000000086700000, 0x0000000086700000|100%| O|  |TAMS 0x0000000086600000, 0x0000000086600000| Untracked 
| 103|0x0000000086700000, 0x0000000086700000, 0x0000000086800000|  0%| F|  |TAMS 0x0000000086700000, 0x0000000086700000| Untracked 
| 104|0x0000000086800000, 0x0000000086800000, 0x0000000086900000|  0%| F|  |TAMS 0x0000000086800000, 0x0000000086800000| Untracked 
| 105|0x0000000086900000, 0x0000000086900000, 0x0000000086a00000|  0%| F|  |TAMS 0x0000000086900000, 0x0000000086900000| Untracked 
| 106|0x0000000086a00000, 0x0000000086a00000, 0x0000000086b00000|  0%| F|  |TAMS 0x0000000086a00000, 0x0000000086a00000| Untracked 
| 107|0x0000000086b00000, 0x0000000086b00000, 0x0000000086c00000|  0%| F|  |TAMS 0x0000000086b00000, 0x0000000086b00000| Untracked 
| 108|0x0000000086c00000, 0x0000000086c00000, 0x0000000086d00000|  0%| F|  |TAMS 0x0000000086c00000, 0x0000000086c00000| Untracked 
| 109|0x0000000086d00000, 0x0000000086d00000, 0x0000000086e00000|  0%| F|  |TAMS 0x0000000086d00000, 0x0000000086d00000| Untracked 
| 110|0x0000000086e00000, 0x0000000086e00000, 0x0000000086f00000|  0%| F|  |TAMS 0x0000000086e00000, 0x0000000086e00000| Untracked 
| 111|0x0000000086f00000, 0x0000000086f00000, 0x0000000087000000|  0%| F|  |TAMS 0x0000000086f00000, 0x0000000086f00000| Untracked 
| 112|0x0000000087000000, 0x0000000087000000, 0x0000000087100000|  0%| F|  |TAMS 0x0000000087000000, 0x0000000087000000| Untracked 
| 113|0x0000000087100000, 0x0000000087100000, 0x0000000087200000|  0%| F|  |TAMS 0x0000000087100000, 0x0000000087100000| Untracked 
| 114|0x0000000087200000, 0x0000000087200000, 0x0000000087300000|  0%| F|  |TAMS 0x0000000087200000, 0x0000000087200000| Untracked 
| 115|0x0000000087300000, 0x0000000087320a00, 0x0000000087400000| 12%| O|  |TAMS 0x0000000087300000, 0x0000000087300000| Untracked 
| 116|0x0000000087400000, 0x0000000087400000, 0x0000000087500000|  0%| F|  |TAMS 0x0000000087400000, 0x0000000087400000| Untracked 
| 117|0x0000000087500000, 0x0000000087600000, 0x0000000087600000|100%| O|  |TAMS 0x0000000087600000, 0x0000000087500000| Untracked 
| 118|0x0000000087600000, 0x0000000087700000, 0x0000000087700000|100%| O|  |TAMS 0x0000000087700000, 0x0000000087600000| Untracked 
| 119|0x0000000087700000, 0x0000000087800000, 0x0000000087800000|100%| O|  |TAMS 0x0000000087800000, 0x0000000087700000| Untracked 
| 120|0x0000000087800000, 0x0000000087900000, 0x0000000087900000|100%| O|  |TAMS 0x0000000087900000, 0x0000000087800000| Untracked 
| 121|0x0000000087900000, 0x0000000087a00000, 0x0000000087a00000|100%| O|  |TAMS 0x0000000087a00000, 0x0000000087900000| Untracked 
| 122|0x0000000087a00000, 0x0000000087b00000, 0x0000000087b00000|100%| O|  |TAMS 0x0000000087b00000, 0x0000000087a00000| Untracked 
| 123|0x0000000087b00000, 0x0000000087c00000, 0x0000000087c00000|100%| O|  |TAMS 0x0000000087c00000, 0x0000000087b00000| Untracked 
| 124|0x0000000087c00000, 0x0000000087d00000, 0x0000000087d00000|100%| O|  |TAMS 0x0000000087d00000, 0x0000000087c00000| Untracked 
| 125|0x0000000087d00000, 0x0000000087e00000, 0x0000000087e00000|100%| O|  |TAMS 0x0000000087e00000, 0x0000000087d00000| Untracked 
| 126|0x0000000087e00000, 0x0000000087f00000, 0x0000000087f00000|100%| O|  |TAMS 0x0000000087f00000, 0x0000000087e00000| Untracked 
| 127|0x0000000087f00000, 0x0000000088000000, 0x0000000088000000|100%| O|  |TAMS 0x0000000087f39200, 0x0000000087f00000| Untracked 
| 128|0x0000000088000000, 0x0000000088000000, 0x0000000088100000|  0%| F|  |TAMS 0x0000000088000000, 0x0000000088000000| Untracked 
| 129|0x0000000088100000, 0x0000000088100000, 0x0000000088200000|  0%| F|  |TAMS 0x0000000088100000, 0x0000000088100000| Untracked 
| 130|0x0000000088200000, 0x0000000088200000, 0x0000000088300000|  0%| F|  |TAMS 0x0000000088200000, 0x0000000088200000| Untracked 
| 131|0x0000000088300000, 0x0000000088300000, 0x0000000088400000|  0%| F|  |TAMS 0x0000000088300000, 0x0000000088300000| Untracked 
| 132|0x0000000088400000, 0x0000000088400000, 0x0000000088500000|  0%| F|  |TAMS 0x0000000088400000, 0x0000000088400000| Untracked 
| 133|0x0000000088500000, 0x0000000088500000, 0x0000000088600000|  0%| F|  |TAMS 0x0000000088500000, 0x0000000088500000| Untracked 
| 134|0x0000000088600000, 0x0000000088600000, 0x0000000088700000|  0%| F|  |TAMS 0x0000000088600000, 0x0000000088600000| Untracked 
| 135|0x0000000088700000, 0x0000000088700000, 0x0000000088800000|  0%| F|  |TAMS 0x0000000088700000, 0x0000000088700000| Untracked 
| 136|0x0000000088800000, 0x0000000088800000, 0x0000000088900000|  0%| F|  |TAMS 0x0000000088800000, 0x0000000088800000| Untracked 
| 137|0x0000000088900000, 0x0000000088900000, 0x0000000088a00000|  0%| F|  |TAMS 0x0000000088900000, 0x0000000088900000| Untracked 
| 138|0x0000000088a00000, 0x0000000088a00000, 0x0000000088b00000|  0%| F|  |TAMS 0x0000000088a00000, 0x0000000088a00000| Untracked 
| 139|0x0000000088b00000, 0x0000000088b00000, 0x0000000088c00000|  0%| F|  |TAMS 0x0000000088b00000, 0x0000000088b00000| Untracked 
| 140|0x0000000088c00000, 0x0000000088c00000, 0x0000000088d00000|  0%| F|  |TAMS 0x0000000088c00000, 0x0000000088c00000| Untracked 
| 141|0x0000000088d00000, 0x0000000088d00000, 0x0000000088e00000|  0%| F|  |TAMS 0x0000000088d00000, 0x0000000088d00000| Untracked 
| 142|0x0000000088e00000, 0x0000000088e00000, 0x0000000088f00000|  0%| F|  |TAMS 0x0000000088e00000, 0x0000000088e00000| Untracked 
| 143|0x0000000088f00000, 0x0000000088f00000, 0x0000000089000000|  0%| F|  |TAMS 0x0000000088f00000, 0x0000000088f00000| Untracked 
| 144|0x0000000089000000, 0x0000000089000000, 0x0000000089100000|  0%| F|  |TAMS 0x0000000089000000, 0x0000000089000000| Untracked 
| 145|0x0000000089100000, 0x0000000089100000, 0x0000000089200000|  0%| F|  |TAMS 0x0000000089100000, 0x0000000089100000| Untracked 
| 146|0x0000000089200000, 0x0000000089200000, 0x0000000089300000|  0%| F|  |TAMS 0x0000000089200000, 0x0000000089200000| Untracked 
| 147|0x0000000089300000, 0x0000000089300000, 0x0000000089400000|  0%| F|  |TAMS 0x0000000089300000, 0x0000000089300000| Untracked 
| 148|0x0000000089400000, 0x0000000089400000, 0x0000000089500000|  0%| F|  |TAMS 0x0000000089400000, 0x0000000089400000| Untracked 
| 149|0x0000000089500000, 0x0000000089500000, 0x0000000089600000|  0%| F|  |TAMS 0x0000000089500000, 0x0000000089500000| Untracked 
| 150|0x0000000089600000, 0x0000000089600000, 0x0000000089700000|  0%| F|  |TAMS 0x0000000089600000, 0x0000000089600000| Untracked 
| 151|0x0000000089700000, 0x0000000089700000, 0x0000000089800000|  0%| F|  |TAMS 0x0000000089700000, 0x0000000089700000| Untracked 
| 152|0x0000000089800000, 0x0000000089800000, 0x0000000089900000|  0%| F|  |TAMS 0x0000000089800000, 0x0000000089800000| Untracked 
| 153|0x0000000089900000, 0x0000000089900000, 0x0000000089a00000|  0%| F|  |TAMS 0x0000000089900000, 0x0000000089900000| Untracked 
| 154|0x0000000089a00000, 0x0000000089a00000, 0x0000000089b00000|  0%| F|  |TAMS 0x0000000089a00000, 0x0000000089a00000| Untracked 
| 155|0x0000000089b00000, 0x0000000089b00000, 0x0000000089c00000|  0%| F|  |TAMS 0x0000000089b00000, 0x0000000089b00000| Untracked 
| 156|0x0000000089c00000, 0x0000000089cdacb8, 0x0000000089d00000| 85%| S|CS|TAMS 0x0000000089c00000, 0x0000000089c00000| Complete 
| 157|0x0000000089d00000, 0x0000000089e00000, 0x0000000089e00000|100%| S|CS|TAMS 0x0000000089d00000, 0x0000000089d00000| Complete 
| 158|0x0000000089e00000, 0x0000000089f00000, 0x0000000089f00000|100%| S|CS|TAMS 0x0000000089e00000, 0x0000000089e00000| Complete 
| 159|0x0000000089f00000, 0x000000008a000000, 0x000000008a000000|100%| S|CS|TAMS 0x0000000089f00000, 0x0000000089f00000| Complete 
| 160|0x000000008a000000, 0x000000008a100000, 0x000000008a100000|100%| S|CS|TAMS 0x000000008a000000, 0x000000008a000000| Complete 
| 161|0x000000008a100000, 0x000000008a200000, 0x000000008a200000|100%| S|CS|TAMS 0x000000008a100000, 0x000000008a100000| Complete 
| 162|0x000000008a200000, 0x000000008a300000, 0x000000008a300000|100%| S|CS|TAMS 0x000000008a200000, 0x000000008a200000| Complete 
| 163|0x000000008a300000, 0x000000008a300000, 0x000000008a400000|  0%| F|  |TAMS 0x000000008a300000, 0x000000008a300000| Untracked 
| 164|0x000000008a400000, 0x000000008a400000, 0x000000008a500000|  0%| F|  |TAMS 0x000000008a400000, 0x000000008a400000| Untracked 
| 165|0x000000008a500000, 0x000000008a500000, 0x000000008a600000|  0%| F|  |TAMS 0x000000008a500000, 0x000000008a500000| Untracked 
| 166|0x000000008a600000, 0x000000008a600000, 0x000000008a700000|  0%| F|  |TAMS 0x000000008a600000, 0x000000008a600000| Untracked 
| 167|0x000000008a700000, 0x000000008a700000, 0x000000008a800000|  0%| F|  |TAMS 0x000000008a700000, 0x000000008a700000| Untracked 
| 168|0x000000008a800000, 0x000000008a800000, 0x000000008a900000|  0%| F|  |TAMS 0x000000008a800000, 0x000000008a800000| Untracked 
| 169|0x000000008a900000, 0x000000008a900000, 0x000000008aa00000|  0%| F|  |TAMS 0x000000008a900000, 0x000000008a900000| Untracked 
| 170|0x000000008aa00000, 0x000000008aa00000, 0x000000008ab00000|  0%| F|  |TAMS 0x000000008aa00000, 0x000000008aa00000| Untracked 
| 171|0x000000008ab00000, 0x000000008ab00000, 0x000000008ac00000|  0%| F|  |TAMS 0x000000008ab00000, 0x000000008ab00000| Untracked 
| 172|0x000000008ac00000, 0x000000008ac00000, 0x000000008ad00000|  0%| F|  |TAMS 0x000000008ac00000, 0x000000008ac00000| Untracked 
| 173|0x000000008ad00000, 0x000000008ad00000, 0x000000008ae00000|  0%| F|  |TAMS 0x000000008ad00000, 0x000000008ad00000| Untracked 
| 174|0x000000008ae00000, 0x000000008ae00000, 0x000000008af00000|  0%| F|  |TAMS 0x000000008ae00000, 0x000000008ae00000| Untracked 
| 175|0x000000008af00000, 0x000000008af00000, 0x000000008b000000|  0%| F|  |TAMS 0x000000008af00000, 0x000000008af00000| Untracked 
| 176|0x000000008b000000, 0x000000008b000000, 0x000000008b100000|  0%| F|  |TAMS 0x000000008b000000, 0x000000008b000000| Untracked 
| 177|0x000000008b100000, 0x000000008b100000, 0x000000008b200000|  0%| F|  |TAMS 0x000000008b100000, 0x000000008b100000| Untracked 
| 178|0x000000008b200000, 0x000000008b200000, 0x000000008b300000|  0%| F|  |TAMS 0x000000008b200000, 0x000000008b200000| Untracked 
| 179|0x000000008b300000, 0x000000008b300000, 0x000000008b400000|  0%| F|  |TAMS 0x000000008b300000, 0x000000008b300000| Untracked 
| 180|0x000000008b400000, 0x000000008b400000, 0x000000008b500000|  0%| F|  |TAMS 0x000000008b400000, 0x000000008b400000| Untracked 
| 181|0x000000008b500000, 0x000000008b500000, 0x000000008b600000|  0%| F|  |TAMS 0x000000008b500000, 0x000000008b500000| Untracked 
| 182|0x000000008b600000, 0x000000008b600000, 0x000000008b700000|  0%| F|  |TAMS 0x000000008b600000, 0x000000008b600000| Untracked 
| 183|0x000000008b700000, 0x000000008b700000, 0x000000008b800000|  0%| F|  |TAMS 0x000000008b700000, 0x000000008b700000| Untracked 
| 184|0x000000008b800000, 0x000000008b800000, 0x000000008b900000|  0%| F|  |TAMS 0x000000008b800000, 0x000000008b800000| Untracked 
| 185|0x000000008b900000, 0x000000008b900000, 0x000000008ba00000|  0%| F|  |TAMS 0x000000008b900000, 0x000000008b900000| Untracked 
| 186|0x000000008ba00000, 0x000000008ba00000, 0x000000008bb00000|  0%| F|  |TAMS 0x000000008ba00000, 0x000000008ba00000| Untracked 
| 187|0x000000008bb00000, 0x000000008bb00000, 0x000000008bc00000|  0%| F|  |TAMS 0x000000008bb00000, 0x000000008bb00000| Untracked 
| 188|0x000000008bc00000, 0x000000008bc00000, 0x000000008bd00000|  0%| F|  |TAMS 0x000000008bc00000, 0x000000008bc00000| Untracked 
| 189|0x000000008bd00000, 0x000000008bd00000, 0x000000008be00000|  0%| F|  |TAMS 0x000000008bd00000, 0x000000008bd00000| Untracked 
| 190|0x000000008be00000, 0x000000008be00000, 0x000000008bf00000|  0%| F|  |TAMS 0x000000008be00000, 0x000000008be00000| Untracked 
| 191|0x000000008bf00000, 0x000000008bf00000, 0x000000008c000000|  0%| F|  |TAMS 0x000000008bf00000, 0x000000008bf00000| Untracked 
| 192|0x000000008c000000, 0x000000008c000000, 0x000000008c100000|  0%| F|  |TAMS 0x000000008c000000, 0x000000008c000000| Untracked 
| 193|0x000000008c100000, 0x000000008c181c68, 0x000000008c200000| 50%| E|  |TAMS 0x000000008c100000, 0x000000008c100000| Complete 
| 194|0x000000008c200000, 0x000000008c300000, 0x000000008c300000|100%| E|CS|TAMS 0x000000008c200000, 0x000000008c200000| Complete 
| 195|0x000000008c300000, 0x000000008c400000, 0x000000008c400000|100%| E|CS|TAMS 0x000000008c300000, 0x000000008c300000| Complete 
| 196|0x000000008c400000, 0x000000008c500000, 0x000000008c500000|100%| E|CS|TAMS 0x000000008c400000, 0x000000008c400000| Complete 
| 197|0x000000008c500000, 0x000000008c600000, 0x000000008c600000|100%| E|CS|TAMS 0x000000008c500000, 0x000000008c500000| Complete 
| 198|0x000000008c600000, 0x000000008c700000, 0x000000008c700000|100%| E|CS|TAMS 0x000000008c600000, 0x000000008c600000| Complete 
| 199|0x000000008c700000, 0x000000008c800000, 0x000000008c800000|100%| E|CS|TAMS 0x000000008c700000, 0x000000008c700000| Complete 
| 200|0x000000008c800000, 0x000000008c900000, 0x000000008c900000|100%| E|CS|TAMS 0x000000008c800000, 0x000000008c800000| Complete 
| 201|0x000000008c900000, 0x000000008ca00000, 0x000000008ca00000|100%| E|CS|TAMS 0x000000008c900000, 0x000000008c900000| Complete 
| 202|0x000000008ca00000, 0x000000008cb00000, 0x000000008cb00000|100%| E|CS|TAMS 0x000000008ca00000, 0x000000008ca00000| Complete 
| 203|0x000000008cb00000, 0x000000008cc00000, 0x000000008cc00000|100%| E|CS|TAMS 0x000000008cb00000, 0x000000008cb00000| Complete 
| 204|0x000000008cc00000, 0x000000008cd00000, 0x000000008cd00000|100%| E|CS|TAMS 0x000000008cc00000, 0x000000008cc00000| Complete 
| 205|0x000000008cd00000, 0x000000008ce00000, 0x000000008ce00000|100%| E|CS|TAMS 0x000000008cd00000, 0x000000008cd00000| Complete 
| 206|0x000000008ce00000, 0x000000008cf00000, 0x000000008cf00000|100%| E|CS|TAMS 0x000000008ce00000, 0x000000008ce00000| Complete 
| 207|0x000000008cf00000, 0x000000008d000000, 0x000000008d000000|100%| E|CS|TAMS 0x000000008cf00000, 0x000000008cf00000| Complete 
| 208|0x000000008d000000, 0x000000008d100000, 0x000000008d100000|100%| E|CS|TAMS 0x000000008d000000, 0x000000008d000000| Complete 
| 209|0x000000008d100000, 0x000000008d200000, 0x000000008d200000|100%| E|CS|TAMS 0x000000008d100000, 0x000000008d100000| Complete 
| 210|0x000000008d200000, 0x000000008d300000, 0x000000008d300000|100%| E|  |TAMS 0x000000008d200000, 0x000000008d200000| Complete 
| 211|0x000000008d300000, 0x000000008d400000, 0x000000008d400000|100%| E|CS|TAMS 0x000000008d300000, 0x000000008d300000| Complete 
| 212|0x000000008d400000, 0x000000008d500000, 0x000000008d500000|100%| E|CS|TAMS 0x000000008d400000, 0x000000008d400000| Complete 
| 213|0x000000008d500000, 0x000000008d600000, 0x000000008d600000|100%| E|CS|TAMS 0x000000008d500000, 0x000000008d500000| Complete 
| 214|0x000000008d600000, 0x000000008d700000, 0x000000008d700000|100%| E|CS|TAMS 0x000000008d600000, 0x000000008d600000| Complete 
| 215|0x000000008d700000, 0x000000008d800000, 0x000000008d800000|100%| E|CS|TAMS 0x000000008d700000, 0x000000008d700000| Complete 
| 216|0x000000008d800000, 0x000000008d900000, 0x000000008d900000|100%| E|CS|TAMS 0x000000008d800000, 0x000000008d800000| Complete 
| 217|0x000000008d900000, 0x000000008da00000, 0x000000008da00000|100%| E|CS|TAMS 0x000000008d900000, 0x000000008d900000| Complete 
| 218|0x000000008da00000, 0x000000008db00000, 0x000000008db00000|100%| E|CS|TAMS 0x000000008da00000, 0x000000008da00000| Complete 
| 219|0x000000008db00000, 0x000000008dc00000, 0x000000008dc00000|100%| E|CS|TAMS 0x000000008db00000, 0x000000008db00000| Complete 
| 220|0x000000008dc00000, 0x000000008dd00000, 0x000000008dd00000|100%| E|CS|TAMS 0x000000008dc00000, 0x000000008dc00000| Complete 
| 221|0x000000008dd00000, 0x000000008de00000, 0x000000008de00000|100%| E|CS|TAMS 0x000000008dd00000, 0x000000008dd00000| Complete 
| 222|0x000000008de00000, 0x000000008df00000, 0x000000008df00000|100%| E|CS|TAMS 0x000000008de00000, 0x000000008de00000| Complete 
| 223|0x000000008df00000, 0x000000008e000000, 0x000000008e000000|100%| E|CS|TAMS 0x000000008df00000, 0x000000008df00000| Complete 
| 224|0x000000008e000000, 0x000000008e100000, 0x000000008e100000|100%| E|CS|TAMS 0x000000008e000000, 0x000000008e000000| Complete 
| 225|0x000000008e100000, 0x000000008e200000, 0x000000008e200000|100%| E|CS|TAMS 0x000000008e100000, 0x000000008e100000| Complete 
| 226|0x000000008e200000, 0x000000008e300000, 0x000000008e300000|100%| E|CS|TAMS 0x000000008e200000, 0x000000008e200000| Complete 
| 227|0x000000008e300000, 0x000000008e400000, 0x000000008e400000|100%| E|CS|TAMS 0x000000008e300000, 0x000000008e300000| Complete 
| 228|0x000000008e400000, 0x000000008e500000, 0x000000008e500000|100%| E|CS|TAMS 0x000000008e400000, 0x000000008e400000| Complete 
| 229|0x000000008e500000, 0x000000008e600000, 0x000000008e600000|100%| E|CS|TAMS 0x000000008e500000, 0x000000008e500000| Complete 
| 230|0x000000008e600000, 0x000000008e700000, 0x000000008e700000|100%| E|CS|TAMS 0x000000008e600000, 0x000000008e600000| Complete 
| 231|0x000000008e700000, 0x000000008e800000, 0x000000008e800000|100%| E|CS|TAMS 0x000000008e700000, 0x000000008e700000| Complete 
| 232|0x000000008e800000, 0x000000008e900000, 0x000000008e900000|100%| E|CS|TAMS 0x000000008e800000, 0x000000008e800000| Complete 
| 233|0x000000008e900000, 0x000000008ea00000, 0x000000008ea00000|100%| E|CS|TAMS 0x000000008e900000, 0x000000008e900000| Complete 
| 234|0x000000008ea00000, 0x000000008eb00000, 0x000000008eb00000|100%| E|CS|TAMS 0x000000008ea00000, 0x000000008ea00000| Complete 
| 235|0x000000008eb00000, 0x000000008ec00000, 0x000000008ec00000|100%| E|CS|TAMS 0x000000008eb00000, 0x000000008eb00000| Complete 
| 236|0x000000008ec00000, 0x000000008ed00000, 0x000000008ed00000|100%| E|CS|TAMS 0x000000008ec00000, 0x000000008ec00000| Complete 
| 237|0x000000008ed00000, 0x000000008ee00000, 0x000000008ee00000|100%| E|CS|TAMS 0x000000008ed00000, 0x000000008ed00000| Complete 
| 238|0x000000008ee00000, 0x000000008ef00000, 0x000000008ef00000|100%| E|CS|TAMS 0x000000008ee00000, 0x000000008ee00000| Complete 
| 239|0x000000008ef00000, 0x000000008f000000, 0x000000008f000000|100%| E|CS|TAMS 0x000000008ef00000, 0x000000008ef00000| Complete 
| 240|0x000000008f000000, 0x000000008f100000, 0x000000008f100000|100%| E|CS|TAMS 0x000000008f000000, 0x000000008f000000| Complete 
| 241|0x000000008f100000, 0x000000008f200000, 0x000000008f200000|100%| E|CS|TAMS 0x000000008f100000, 0x000000008f100000| Complete 
| 242|0x000000008f200000, 0x000000008f300000, 0x000000008f300000|100%| E|CS|TAMS 0x000000008f200000, 0x000000008f200000| Complete 
| 243|0x000000008f300000, 0x000000008f400000, 0x000000008f400000|100%| E|CS|TAMS 0x000000008f300000, 0x000000008f300000| Complete 
| 244|0x000000008f400000, 0x000000008f500000, 0x000000008f500000|100%| E|CS|TAMS 0x000000008f400000, 0x000000008f400000| Complete 
| 245|0x000000008f500000, 0x000000008f600000, 0x000000008f600000|100%| E|CS|TAMS 0x000000008f500000, 0x000000008f500000| Complete 
| 246|0x000000008f600000, 0x000000008f700000, 0x000000008f700000|100%| E|CS|TAMS 0x000000008f600000, 0x000000008f600000| Complete 
| 247|0x000000008f700000, 0x000000008f800000, 0x000000008f800000|100%| E|CS|TAMS 0x000000008f700000, 0x000000008f700000| Complete 

Card table byte_map: [0x000001cda73e0000,0x000001cda77e0000] _byte_map_base: 0x000001cda6fe0000

Marking Bits (Prev, Next): (CMBitMap*) 0x000001cd93c8fec8, (CMBitMap*) 0x000001cd93c8ff00
 Prev Bits: [0x000001cda7be0000, 0x000001cda9be0000)
 Next Bits: [0x000001cda9be0000, 0x000001cdabbe0000)

Polling page: 0x000001cd91bc0000

Metaspace:

Usage:
  Non-class:    102.17 MB capacity,   100.16 MB ( 98%) used,     1.61 MB (  2%) free+waste,   416.56 KB ( <1%) overhead. 
      Class:     15.73 MB capacity,    14.45 MB ( 92%) used,     1.10 MB (  7%) free+waste,   183.13 KB (  1%) overhead. 
       Both:    117.90 MB capacity,   114.61 MB ( 97%) used,     2.71 MB (  2%) free+waste,   599.69 KB ( <1%) overhead. 

Virtual space:
  Non-class space:      104.00 MB reserved,     102.34 MB ( 98%) committed 
      Class space:        1.00 GB reserved,      15.95 MB (  2%) committed 
             Both:        1.10 GB reserved,     118.29 MB ( 10%) committed 

Chunk freelists:
   Non-Class:  109.00 KB
       Class:  181.00 KB
        Both:  290.00 KB

MaxMetaspaceSize: 17179869184.00 GB
CompressedClassSpaceSize: 1.00 GB
Initial GC threshold: 20.80 MB
Current GC threshold: 195.91 MB
CDS: off

CodeHeap 'non-profiled nmethods': size=119168Kb used=14925Kb max_used=14925Kb free=104242Kb
 bounds [0x000001cd9f300000, 0x000001cda01a0000, 0x000001cda6760000]
CodeHeap 'profiled nmethods': size=119168Kb used=50393Kb max_used=50393Kb free=68775Kb
 bounds [0x000001cd97ea0000, 0x000001cd9afe0000, 0x000001cd9f300000]
CodeHeap 'non-nmethods': size=7424Kb used=2460Kb max_used=4216Kb free=4963Kb
 bounds [0x000001cd97760000, 0x000001cd97b90000, 0x000001cd97ea0000]
 total_blobs=22538 nmethods=21574 adapters=873
 compilation: enabled
              stopped_count=0, restarted_count=0
 full_count=0

Compilation events (20 events):
Event: 931.483 Thread 0x000001cdc006a800 22560       4       org.gradle.api.internal.artifacts.ivyservice.resolveengine.graph.builder.SelectorState::update (95 bytes)
Event: 931.484 Thread 0x000001cdc006b800 nmethod 22568 0x000001cda0190590 code [0x000001cda0190720, 0x000001cda01907b8]
Event: 931.484 Thread 0x000001cdc006b800 22558       4       org.gradle.internal.resolve.result.DefaultBuildableComponentResolveResult::hasResult (20 bytes)
Event: 931.484 Thread 0x000001cdc006b800 nmethod 22558 0x000001cda0190890 code [0x000001cda0190a20, 0x000001cda0190ab8]
Event: 931.484 Thread 0x000001cdc006b800 22557       4       java.util.Collections$2::characteristics (33 bytes)
Event: 931.485 Thread 0x000001cdc006b800 nmethod 22557 0x000001cda0190b90 code [0x000001cda0190d20, 0x000001cda0190d98]
Event: 931.485 Thread 0x000001cdc006b800 22559  s    4       org.gradle.internal.component.external.model.AbstractLazyModuleComponentResolveMetadata::getConfiguration (44 bytes)
Event: 931.489 Thread 0x000001cdaf542800 22573       3       org.gradle.internal.snapshot.impl.IntegerValueSnapshot::isolate (5 bytes)
Event: 931.490 Thread 0x000001cdaf542800 nmethod 22573 0x000001cd9afd5d90 code [0x000001cd9afd5f40, 0x000001cd9afd6118]
Event: 931.490 Thread 0x000001cdc006d000 nmethod 22561 0x000001cda0190e90 code [0x000001cda0191040, 0x000001cda0191bb8]
Event: 931.491 Thread 0x000001cdc006d000 22570       4       org.gradle.internal.serialize.kryo.StringDeduplicatingKryoBackedEncoder::writeBoolean (9 bytes)
Event: 931.491 Thread 0x000001cdc006d000 nmethod 22570 0x000001cda0191f10 code [0x000001cda01920a0, 0x000001cda0192178]
Event: 931.491 Thread 0x000001cdc006d000 22571       4       java.util.LinkedList::removeFirst (23 bytes)
Event: 931.494 Thread 0x000001cdc006d000 nmethod 22571 0x000001cda0192290 code [0x000001cda0192420, 0x000001cda01926d8]
Event: 931.494 Thread 0x000001cdc006d000 22572       4       org.gradle.internal.component.model.DefaultSelectedByVariantMatchingConfigurationMetadata::getName (10 bytes)
Event: 931.495 Thread 0x000001cdc006d000 nmethod 22572 0x000001cda0192790 code [0x000001cda0192940, 0x000001cda0192a38]
Event: 931.495 Thread 0x000001cdc006d000 22569       4       java.util.ArrayDeque::toArray (7 bytes)
Event: 931.499 Thread 0x000001cdc006d000 nmethod 22569 0x000001cda0192b90 code [0x000001cda0192d40, 0x000001cda0193198]
Event: 931.499 Thread 0x000001cdc006d000 22564       4       com.google.common.primitives.Ints::saturatedCast (25 bytes)
Event: 931.499 Thread 0x000001cdc006d000 nmethod 22564 0x000001cda0193390 code [0x000001cda0193520, 0x000001cda01935b8]

GC Heap History (20 events):
Event: 11.010 GC heap before
{Heap before GC invocations=15 (full 0):
 garbage-first heap   total 253952K, used 196761K [0x0000000080000000, 0x0000000100000000)
  region size 1024K, 131 young (134144K), 14 survivors (14336K)
 Metaspace       used 110206K, capacity 113543K, committed 113792K, reserved 1146880K
  class space    used 14435K, capacity 15729K, committed 15820K, reserved 1048576K
}
Event: 11.018 GC heap after
{Heap after GC invocations=16 (full 0):
 garbage-first heap   total 253952K, used 79739K [0x0000000080000000, 0x0000000100000000)
  region size 1024K, 10 young (10240K), 10 survivors (10240K)
 Metaspace       used 110206K, capacity 113543K, committed 113792K, reserved 1146880K
  class space    used 14435K, capacity 15729K, committed 15820K, reserved 1048576K
}
Event: 159.509 GC heap before
{Heap before GC invocations=16 (full 0):
 garbage-first heap   total 253952K, used 210811K [0x0000000080000000, 0x0000000100000000)
  region size 1024K, 129 young (132096K), 10 survivors (10240K)
 Metaspace       used 114561K, capacity 118062K, committed 118400K, reserved 1150976K
  class space    used 14871K, capacity 16226K, committed 16332K, reserved 1048576K
}
Event: 159.521 GC heap after
{Heap after GC invocations=17 (full 0):
 garbage-first heap   total 253952K, used 93502K [0x0000000080000000, 0x0000000100000000)
  region size 1024K, 17 young (17408K), 17 survivors (17408K)
 Metaspace       used 114561K, capacity 118062K, committed 118400K, reserved 1150976K
  class space    used 14871K, capacity 16226K, committed 16332K, reserved 1048576K
}
Event: 160.155 GC heap before
{Heap before GC invocations=17 (full 0):
 garbage-first heap   total 253952K, used 151870K [0x0000000080000000, 0x0000000100000000)
  region size 1024K, 76 young (77824K), 17 survivors (17408K)
 Metaspace       used 115150K, capacity 118660K, committed 118828K, reserved 1153024K
  class space    used 14880K, capacity 16240K, committed 16332K, reserved 1048576K
}
Event: 160.178 GC heap after
{Heap after GC invocations=18 (full 0):
 garbage-first heap   total 253952K, used 101117K [0x0000000080000000, 0x0000000100000000)
  region size 1024K, 8 young (8192K), 8 survivors (8192K)
 Metaspace       used 115150K, capacity 118660K, committed 118828K, reserved 1153024K
  class space    used 14880K, capacity 16240K, committed 16332K, reserved 1048576K
}
Event: 478.473 GC heap before
{Heap before GC invocations=19 (full 0):
 garbage-first heap   total 253952K, used 194301K [0x0000000080000000, 0x0000000100000000)
  region size 1024K, 90 young (92160K), 8 survivors (8192K)
 Metaspace       used 115306K, capacity 118622K, committed 119340K, reserved 1153024K
  class space    used 14775K, capacity 16048K, committed 16332K, reserved 1048576K
}
Event: 478.481 GC heap after
{Heap after GC invocations=20 (full 0):
 garbage-first heap   total 253952K, used 111532K [0x0000000080000000, 0x0000000100000000)
  region size 1024K, 12 young (12288K), 12 survivors (12288K)
 Metaspace       used 115306K, capacity 118622K, committed 119340K, reserved 1153024K
  class space    used 14775K, capacity 16048K, committed 16332K, reserved 1048576K
}
Event: 623.217 GC heap before
{Heap before GC invocations=20 (full 0):
 garbage-first heap   total 253952K, used 198572K [0x0000000080000000, 0x0000000100000000)
  region size 1024K, 90 young (92160K), 12 survivors (12288K)
 Metaspace       used 115857K, capacity 119170K, committed 119852K, reserved 1153024K
  class space    used 14802K, capacity 16112K, committed 16332K, reserved 1048576K
}
Event: 623.224 GC heap after
{Heap after GC invocations=21 (full 0):
 garbage-first heap   total 253952K, used 118169K [0x0000000080000000, 0x0000000100000000)
  region size 1024K, 7 young (7168K), 7 survivors (7168K)
 Metaspace       used 115857K, capacity 119170K, committed 119852K, reserved 1153024K
  class space    used 14802K, capacity 16112K, committed 16332K, reserved 1048576K
}
Event: 647.582 GC heap before
{Heap before GC invocations=21 (full 0):
 garbage-first heap   total 253952K, used 197017K [0x0000000080000000, 0x0000000100000000)
  region size 1024K, 83 young (84992K), 7 survivors (7168K)
 Metaspace       used 116208K, capacity 119735K, committed 120108K, reserved 1153024K
  class space    used 14825K, capacity 16154K, committed 16332K, reserved 1048576K
}
Event: 647.591 GC heap after
{Heap after GC invocations=22 (full 0):
 garbage-first heap   total 253952K, used 132905K [0x0000000080000000, 0x0000000100000000)
  region size 1024K, 11 young (11264K), 11 survivors (11264K)
 Metaspace       used 116208K, capacity 119735K, committed 120108K, reserved 1153024K
  class space    used 14825K, capacity 16154K, committed 16332K, reserved 1048576K
}
Event: 647.972 GC heap before
{Heap before GC invocations=22 (full 0):
 garbage-first heap   total 253952K, used 190249K [0x0000000080000000, 0x0000000100000000)
  region size 1024K, 69 young (70656K), 11 survivors (11264K)
 Metaspace       used 116626K, capacity 120099K, committed 120364K, reserved 1153024K
  class space    used 14828K, capacity 16160K, committed 16332K, reserved 1048576K
}
Event: 647.979 GC heap after
{Heap after GC invocations=23 (full 0):
 garbage-first heap   total 253952K, used 133646K [0x0000000080000000, 0x0000000100000000)
  region size 1024K, 4 young (4096K), 4 survivors (4096K)
 Metaspace       used 116626K, capacity 120099K, committed 120364K, reserved 1153024K
  class space    used 14828K, capacity 16160K, committed 16332K, reserved 1048576K
}
Event: 914.957 GC heap before
{Heap before GC invocations=24 (full 0):
 garbage-first heap   total 253952K, used 203278K [0x0000000080000000, 0x0000000100000000)
  region size 1024K, 69 young (70656K), 4 survivors (4096K)
 Metaspace       used 116685K, capacity 119908K, committed 120620K, reserved 1153024K
  class space    used 14771K, capacity 16057K, committed 16332K, reserved 1048576K
}
Event: 914.959 GC heap after
{Heap after GC invocations=25 (full 0):
 garbage-first heap   total 253952K, used 129252K [0x0000000080000000, 0x0000000100000000)
  region size 1024K, 3 young (3072K), 3 survivors (3072K)
 Metaspace       used 116685K, capacity 119908K, committed 120620K, reserved 1153024K
  class space    used 14771K, capacity 16057K, committed 16332K, reserved 1048576K
}
Event: 915.028 GC heap before
{Heap before GC invocations=25 (full 0):
 garbage-first heap   total 253952K, used 138468K [0x0000000080000000, 0x0000000100000000)
  region size 1024K, 12 young (12288K), 3 survivors (3072K)
 Metaspace       used 116738K, capacity 120006K, committed 120620K, reserved 1153024K
  class space    used 14774K, capacity 16063K, committed 16332K, reserved 1048576K
}
Event: 915.032 GC heap after
{Heap after GC invocations=26 (full 0):
 garbage-first heap   total 253952K, used 105602K [0x0000000080000000, 0x0000000100000000)
  region size 1024K, 2 young (2048K), 2 survivors (2048K)
 Metaspace       used 116738K, capacity 120006K, committed 120620K, reserved 1153024K
  class space    used 14774K, capacity 16063K, committed 16332K, reserved 1048576K
}
Event: 915.660 GC heap before
{Heap before GC invocations=26 (full 0):
 garbage-first heap   total 253952K, used 191618K [0x0000000080000000, 0x0000000100000000)
  region size 1024K, 85 young (87040K), 2 survivors (2048K)
 Metaspace       used 117104K, capacity 120465K, committed 120876K, reserved 1155072K
  class space    used 14799K, capacity 16107K, committed 16332K, reserved 1048576K
}
Event: 915.665 GC heap after
{Heap after GC invocations=27 (full 0):
 garbage-first heap   total 253952K, used 112621K [0x0000000080000000, 0x0000000100000000)
  region size 1024K, 7 young (7168K), 7 survivors (7168K)
 Metaspace       used 117104K, capacity 120465K, committed 120876K, reserved 1155072K
  class space    used 14799K, capacity 16107K, committed 16332K, reserved 1048576K
}

Deoptimization events (20 events):
Event: 915.193 Thread 0x000001cdb2e68800 Uncommon trap: trap_request=0xffffffde fr.pc=0x000001cd9f8ec234 relative=0x0000000000000274
Event: 915.193 Thread 0x000001cdb2e68800 Uncommon trap: reason=class_check action=maybe_recompile pc=0x000001cd9f8ec234 method=java.util.concurrent.ConcurrentHashMap.get(Ljava/lang/Object;)Ljava/lang/Object; @ 93 c2
Event: 915.193 Thread 0x000001cdb2e68800 DEOPT PACKING pc=0x000001cd9f8ec234 sp=0x000000b1ef4fe6e0
Event: 915.194 Thread 0x000001cdb2e68800 DEOPT UNPACKING pc=0x000001cd977aa1af sp=0x000000b1ef4fe638 mode 2
Event: 915.254 Thread 0x000001cdba83b000 Uncommon trap: trap_request=0xffffffdc fr.pc=0x000001cda0097d88 relative=0x0000000000000248
Event: 915.254 Thread 0x000001cdba83b000 Uncommon trap: reason=class_check action=make_not_entrant pc=0x000001cda0097d88 method=java.util.ArrayDeque.toArray(Ljava/lang/Class;)[Ljava/lang/Object; @ 45 c2
Event: 915.254 Thread 0x000001cdba83b000 DEOPT PACKING pc=0x000001cda0097d88 sp=0x000000b1ee1fa620
Event: 915.254 Thread 0x000001cdba83b000 DEOPT UNPACKING pc=0x000001cd977aa1af sp=0x000000b1ee1fa5d0 mode 2
Event: 915.616 Thread 0x000001cdba83b000 Uncommon trap: trap_request=0xffffff4d fr.pc=0x000001cd9f89da7c relative=0x000000000000045c
Event: 915.616 Thread 0x000001cdba83b000 Uncommon trap: reason=unstable_if action=reinterpret pc=0x000001cd9f89da7c method=com.google.common.collect.MapMakerInternalMap$Segment.getEntry(Ljava/lang/Object;I)Lcom/google/common/collect/MapMakerInternalMap$InternalEntry; @ 40 c2
Event: 915.616 Thread 0x000001cdba83b000 DEOPT PACKING pc=0x000001cd9f89da7c sp=0x000000b1ee1fb5c0
Event: 915.616 Thread 0x000001cdba83b000 DEOPT UNPACKING pc=0x000001cd977aa1af sp=0x000000b1ee1fb490 mode 2
Event: 915.781 Thread 0x000001cdb6e30800 Uncommon trap: trap_request=0xffffff76 fr.pc=0x000001cda013a3f0 relative=0x0000000000001330
Event: 915.781 Thread 0x000001cdb6e30800 Uncommon trap: reason=loop_limit_check action=maybe_recompile pc=0x000001cda013a3f0 method=com.android.tools.r8.internal.B.putAll(Ljava/util/Map;)V @ 31 c2
Event: 915.781 Thread 0x000001cdb6e30800 DEOPT PACKING pc=0x000001cda013a3f0 sp=0x000000b1f20fc100
Event: 915.781 Thread 0x000001cdb6e30800 DEOPT UNPACKING pc=0x000001cd977aa1af sp=0x000000b1f20fc0e8 mode 2
Event: 931.501 Thread 0x000001cdb8124800 Uncommon trap: trap_request=0xffffff4d fr.pc=0x000001cd9febb01c relative=0x000000000000645c
Event: 931.501 Thread 0x000001cdb8124800 Uncommon trap: reason=unstable_if action=reinterpret pc=0x000001cd9febb01c method=org.gradle.internal.operations.DefaultBuildOperationExecutor$ListenerAdapter.stop(Lorg/gradle/internal/operations/BuildOperationDescriptor;Lorg/gradle/internal/operations/Bu
Event: 931.501 Thread 0x000001cdb8124800 DEOPT PACKING pc=0x000001cd9febb01c sp=0x000000b1e17fa100
Event: 931.501 Thread 0x000001cdb8124800 DEOPT UNPACKING pc=0x000001cd977aa1af sp=0x000000b1e17f9ee0 mode 2

Classes redefined (0 events):
No events

Internal exceptions (20 events):
Event: 915.479 Thread 0x000001cdba83b000 Exception <a 'sun/nio/fs/WindowsException'{0x000000008b613980}> (0x000000008b613980) thrown at [./src/hotspot/share/prims/jni.cpp, line 615]
Event: 915.479 Thread 0x000001cdba83b000 Exception <a 'sun/nio/fs/WindowsException'{0x000000008b613af8}> (0x000000008b613af8) thrown at [./src/hotspot/share/prims/jni.cpp, line 615]
Event: 915.531 Thread 0x000001cdba83b000 Exception <a 'sun/nio/fs/WindowsException'{0x000000008b2ddfe0}> (0x000000008b2ddfe0) thrown at [./src/hotspot/share/prims/jni.cpp, line 615]
Event: 915.535 Thread 0x000001cdba83b000 Exception <a 'sun/nio/fs/WindowsException'{0x000000008b131a90}> (0x000000008b131a90) thrown at [./src/hotspot/share/prims/jni.cpp, line 615]
Event: 915.535 Thread 0x000001cdba83b000 Exception <a 'sun/nio/fs/WindowsException'{0x000000008b131c08}> (0x000000008b131c08) thrown at [./src/hotspot/share/prims/jni.cpp, line 615]
Event: 915.538 Thread 0x000001cdba83b000 Exception <a 'sun/nio/fs/WindowsException'{0x000000008b1d34a0}> (0x000000008b1d34a0) thrown at [./src/hotspot/share/prims/jni.cpp, line 615]
Event: 915.538 Thread 0x000001cdba83b000 Exception <a 'sun/nio/fs/WindowsException'{0x000000008b1d3630}> (0x000000008b1d3630) thrown at [./src/hotspot/share/prims/jni.cpp, line 615]
Event: 915.560 Thread 0x000001cdba83b000 Exception <a 'sun/nio/fs/WindowsException'{0x000000008ad1bfe8}> (0x000000008ad1bfe8) thrown at [./src/hotspot/share/prims/jni.cpp, line 615]
Event: 915.560 Thread 0x000001cdba83b000 Exception <a 'sun/nio/fs/WindowsException'{0x000000008ad1c148}> (0x000000008ad1c148) thrown at [./src/hotspot/share/prims/jni.cpp, line 615]
Event: 915.569 Thread 0x000001cdba83b000 Exception <a 'sun/nio/fs/WindowsException'{0x000000008ab01bb8}> (0x000000008ab01bb8) thrown at [./src/hotspot/share/prims/jni.cpp, line 615]
Event: 915.569 Thread 0x000001cdba83b000 Exception <a 'sun/nio/fs/WindowsException'{0x000000008ab01d28}> (0x000000008ab01d28) thrown at [./src/hotspot/share/prims/jni.cpp, line 615]
Event: 915.583 Thread 0x000001cdba83b000 Exception <a 'sun/nio/fs/WindowsException'{0x000000008aba6618}> (0x000000008aba6618) thrown at [./src/hotspot/share/prims/jni.cpp, line 615]
Event: 915.666 Thread 0x000001cdb6e30800 Exception <a 'sun/nio/fs/WindowsException'{0x000000008f794500}> (0x000000008f794500) thrown at [./src/hotspot/share/prims/jni.cpp, line 615]
Event: 915.791 Thread 0x000001cdb6e30800 Exception <a 'sun/nio/fs/WindowsException'{0x000000008e6ec340}> (0x000000008e6ec340) thrown at [./src/hotspot/share/prims/jni.cpp, line 615]
Event: 915.822 Thread 0x000001cdb6e2d000 Exception <a 'sun/nio/fs/WindowsException'{0x000000008e48d5c0}> (0x000000008e48d5c0) thrown at [./src/hotspot/share/prims/jni.cpp, line 615]
Event: 915.843 Thread 0x000001cdb6e2d000 Exception <a 'sun/nio/fs/WindowsException'{0x000000008e24b298}> (0x000000008e24b298) thrown at [./src/hotspot/share/prims/jni.cpp, line 615]
Event: 915.955 Thread 0x000001cdb8124800 Exception <a 'sun/nio/fs/WindowsException'{0x000000008f622a28}> (0x000000008f622a28) thrown at [./src/hotspot/share/prims/jni.cpp, line 615]
Event: 915.955 Thread 0x000001cdb8124800 Exception <a 'sun/nio/fs/WindowsException'{0x000000008f622aa8}> (0x000000008f622aa8) thrown at [./src/hotspot/share/prims/jni.cpp, line 615]
Event: 915.955 Thread 0x000001cdb8124800 Exception <a 'sun/nio/fs/WindowsException'{0x000000008f624428}> (0x000000008f624428) thrown at [./src/hotspot/share/prims/jni.cpp, line 615]
Event: 931.501 Thread 0x000001cdb8124800 Exception <a 'java/lang/OutOfMemoryError'{0x000000008c35a7f0}: unable to create native thread: possibly out of memory or process/resource limits reached> (0x000000008c35a7f0) thrown at [./src/hotspot/share/prims/jvm.cpp, line 2924]

Events (20 events):
Event: 931.498 Thread 0x000001cdb6e2e800 Thread added: 0x000001cdb6e2e800
Event: 931.498 Thread 0x000001cdb6e2f800 Thread added: 0x000001cdb6e2f800
Event: 931.498 Thread 0x000001cdb6e30800 Thread added: 0x000001cdb6e30800
Event: 931.499 Thread 0x000001cdb6e2c000 Thread added: 0x000001cdb6e2c000
Event: 931.499 Thread 0x000001cdb85bf000 Thread added: 0x000001cdb85bf000
Event: 931.499 Thread 0x000001cdb85c1800 Thread added: 0x000001cdb85c1800
Event: 931.499 Thread 0x000001cdb85c3000 Thread added: 0x000001cdb85c3000
Event: 931.499 Thread 0x000001cdb85bf800 Thread added: 0x000001cdb85bf800
Event: 931.499 Thread 0x000001cdb85be000 Thread added: 0x000001cdb85be000
Event: 931.499 Thread 0x000001cdb85c4800 Thread added: 0x000001cdb85c4800
Event: 931.499 Thread 0x000001cdb85c2000 Thread added: 0x000001cdb85c2000
Event: 931.499 Thread 0x000001cdb85c4000 Thread added: 0x000001cdb85c4000
Event: 931.499 Thread 0x000001cdb85c5800 Thread added: 0x000001cdb85c5800
Event: 931.499 Thread 0x000001cdb85c6800 Thread added: 0x000001cdb85c6800
Event: 931.500 Thread 0x000001cdb85c0800 Thread added: 0x000001cdb85c0800
Event: 931.500 Thread 0x000001cdb85c8000 Thread added: 0x000001cdb85c8000
Event: 931.500 Thread 0x000001cdb85c9800 Thread added: 0x000001cdb85c9800
Event: 931.500 Thread 0x000001cdb85ca800 Thread added: 0x000001cdb85ca800
Event: 931.500 Thread 0x000001cdb85c8800 Thread added: 0x000001cdb85c8800
Event: 931.500 Thread 0x000001cdb85cb000 Thread added: 0x000001cdb85cb000


Dynamic libraries:
0x00007ff7f6220000 - 0x00007ff7f622a000 	S:\Android Studio\jre\bin\java.exe
0x00007ffdd3f70000 - 0x00007ffdd4168000 	C:\Windows\SYSTEM32\ntdll.dll
0x00007ffdd3750000 - 0x00007ffdd380f000 	C:\Windows\System32\KERNEL32.DLL
0x00007ffdd1810000 - 0x00007ffdd1b06000 	C:\Windows\System32\KERNELBASE.dll
0x00007ffdd1ed0000 - 0x00007ffdd1fd0000 	C:\Windows\System32\ucrtbase.dll
0x00007ffdcb2a0000 - 0x00007ffdcb2b7000 	S:\Android Studio\jre\bin\VCRUNTIME140.dll
0x00007ffdc6810000 - 0x00007ffdc6829000 	S:\Android Studio\jre\bin\jli.dll
0x00007ffdd2920000 - 0x00007ffdd2abd000 	C:\Windows\System32\USER32.dll
0x00007ffdc0e50000 - 0x00007ffdc10ea000 	C:\Windows\WinSxS\amd64_microsoft.windows.common-controls_6595b64144ccf1df_6.0.19041.1110_none_60b5254171f9507e\COMCTL32.dll
0x00007ffdd16a0000 - 0x00007ffdd16c2000 	C:\Windows\System32\win32u.dll
0x00007ffdd2ac0000 - 0x00007ffdd2b5e000 	C:\Windows\System32\msvcrt.dll
0x00007ffdd2170000 - 0x00007ffdd219c000 	C:\Windows\System32\GDI32.dll
0x00007ffdd1db0000 - 0x00007ffdd1ec5000 	C:\Windows\System32\gdi32full.dll
0x00007ffdd1b10000 - 0x00007ffdd1bad000 	C:\Windows\System32\msvcp_win.dll
0x00007ffdd22e0000 - 0x00007ffdd2310000 	C:\Windows\System32\IMM32.DLL
0x00007ffd974a0000 - 0x00007ffd9753d000 	S:\Android Studio\jre\bin\msvcp140.dll
0x00007ffd17fa0000 - 0x00007ffd18a85000 	S:\Android Studio\jre\bin\server\jvm.dll
0x00007ffdd3930000 - 0x00007ffdd39df000 	C:\Windows\System32\ADVAPI32.dll
0x00007ffdd2460000 - 0x00007ffdd24fc000 	C:\Windows\System32\sechost.dll
0x00007ffdd2720000 - 0x00007ffdd2846000 	C:\Windows\System32\RPCRT4.dll
0x00007ffdd3a00000 - 0x00007ffdd3a08000 	C:\Windows\System32\PSAPI.DLL
0x00007ffdca410000 - 0x00007ffdca437000 	C:\Windows\SYSTEM32\WINMM.dll
0x00007ffdc5530000 - 0x00007ffdc5539000 	C:\Windows\SYSTEM32\WSOCK32.dll
0x00007ffdca6d0000 - 0x00007ffdca6da000 	C:\Windows\SYSTEM32\VERSION.dll
0x00007ffdd2500000 - 0x00007ffdd256b000 	C:\Windows\System32\WS2_32.dll
0x00007ffdcf6f0000 - 0x00007ffdcf702000 	C:\Windows\SYSTEM32\kernel.appcore.dll
0x00007ffdc34b0000 - 0x00007ffdc34c1000 	S:\Android Studio\jre\bin\verify.dll
0x00007ffdcf310000 - 0x00007ffdcf4f4000 	C:\Windows\SYSTEM32\DBGHELP.DLL
0x00007ffdc36f0000 - 0x00007ffdc3724000 	C:\Windows\SYSTEM32\dbgcore.DLL
0x00007ffdd1780000 - 0x00007ffdd1802000 	C:\Windows\System32\bcryptPrimitives.dll
0x00007ffdb52c0000 - 0x00007ffdb52e9000 	S:\Android Studio\jre\bin\java.dll
0x00007ffdc34a0000 - 0x00007ffdc34ab000 	S:\Android Studio\jre\bin\jimage.dll
0x00007ffdb52a0000 - 0x00007ffdb52b8000 	S:\Android Studio\jre\bin\zip.dll
0x00007ffdd2ff0000 - 0x00007ffdd3734000 	C:\Windows\System32\SHELL32.dll
0x00007ffdcf710000 - 0x00007ffdcfea3000 	C:\Windows\SYSTEM32\windows.storage.dll
0x00007ffdd2c10000 - 0x00007ffdd2f64000 	C:\Windows\System32\combase.dll
0x00007ffdd1040000 - 0x00007ffdd106e000 	C:\Windows\SYSTEM32\Wldp.dll
0x00007ffdd2b60000 - 0x00007ffdd2c0d000 	C:\Windows\System32\SHCORE.dll
0x00007ffdd1fd0000 - 0x00007ffdd2025000 	C:\Windows\System32\shlwapi.dll
0x00007ffdd1590000 - 0x00007ffdd15af000 	C:\Windows\SYSTEM32\profapi.dll
0x00007ffdb5280000 - 0x00007ffdb529a000 	S:\Android Studio\jre\bin\net.dll
0x00007ffdcc950000 - 0x00007ffdcca5a000 	C:\Windows\SYSTEM32\WINHTTP.dll
0x00007ffdd0da0000 - 0x00007ffdd0e0a000 	C:\Windows\system32\mswsock.dll
0x00007ffdb5260000 - 0x00007ffdb5274000 	S:\Android Studio\jre\bin\nio.dll
0x00007ffd9e780000 - 0x00007ffd9e7a7000 	C:\Users\Rool\.gradle\native\e1d6ef7f7dcc3fd88c89a11ec53ec762bb8ba0a96d01ffa2cd45eb1d1d8dd5c5\windows-amd64\native-platform.dll
0x00007ffd94310000 - 0x00007ffd94454000 	C:\Users\Rool\.gradle\native\5664cfc778a61ccfe75a443a1ab52a65af34e5dc3c78e0209fed803814484fcb\windows-amd64\native-platform-file-events.dll
0x00007ffdc28a0000 - 0x00007ffdc28aa000 	S:\Android Studio\jre\bin\management.dll
0x00007ffdbf090000 - 0x00007ffdbf09d000 	S:\Android Studio\jre\bin\management_ext.dll
0x00007ffdd0f90000 - 0x00007ffdd0fa8000 	C:\Windows\SYSTEM32\CRYPTSP.dll
0x00007ffdd06c0000 - 0x00007ffdd06f4000 	C:\Windows\system32\rsaenh.dll
0x00007ffdd1bb0000 - 0x00007ffdd1bd7000 	C:\Windows\System32\bcrypt.dll
0x00007ffdd1550000 - 0x00007ffdd157e000 	C:\Windows\SYSTEM32\USERENV.dll
0x00007ffdd0fb0000 - 0x00007ffdd0fbc000 	C:\Windows\SYSTEM32\CRYPTBASE.dll
0x00007ffdd0a90000 - 0x00007ffdd0acc000 	C:\Windows\SYSTEM32\IPHLPAPI.DLL
0x00007ffdd22d0000 - 0x00007ffdd22d8000 	C:\Windows\System32\NSI.dll
0x00007ffdcbbd0000 - 0x00007ffdcbbe7000 	C:\Windows\SYSTEM32\dhcpcsvc6.DLL
0x00007ffdcbba0000 - 0x00007ffdcbbbd000 	C:\Windows\SYSTEM32\dhcpcsvc.DLL
0x00007ffdd0ad0000 - 0x00007ffdd0b9b000 	C:\Windows\SYSTEM32\DNSAPI.dll
0x00007ffdae570000 - 0x00007ffdae597000 	S:\Android Studio\jre\bin\sunec.dll

dbghelp: loaded successfully - version: 4.0.5 - missing functions: none
symbol engine: initialized successfully - sym options: 0x614 - pdb path: .;S:\Android Studio\jre\bin;C:\Windows\SYSTEM32;C:\Windows\WinSxS\amd64_microsoft.windows.common-controls_6595b64144ccf1df_6.0.19041.1110_none_60b5254171f9507e;S:\Android Studio\jre\bin\server;C:\Users\Rool\.gradle\native\e1d6ef7f7dcc3fd88c89a11ec53ec762bb8ba0a96d01ffa2cd45eb1d1d8dd5c5\windows-amd64;C:\Users\Rool\.gradle\native\5664cfc778a61ccfe75a443a1ab52a65af34e5dc3c78e0209fed803814484fcb\windows-amd64

VM Arguments:
jvm_args: --add-opens=java.base/java.util=ALL-UNNAMED --add-opens=java.base/java.lang=ALL-UNNAMED --add-opens=java.base/java.lang.invoke=ALL-UNNAMED --add-opens=java.base/java.util=ALL-UNNAMED --add-opens=java.prefs/java.util.prefs=ALL-UNNAMED --add-opens=java.prefs/java.util.prefs=ALL-UNNAMED --add-opens=java.base/java.nio.charset=ALL-UNNAMED --add-opens=java.base/java.net=ALL-UNNAMED --add-opens=java.base/java.util.concurrent.atomic=ALL-UNNAMED -Xmx2048m -Dfile.encoding=UTF-8 -Duser.country=US -Duser.language=en -Duser.variant 
java_command: org.gradle.launcher.daemon.bootstrap.GradleDaemon 7.3.3
java_class_path (initial): C:\Users\Rool\.gradle\wrapper\dists\gradle-7.3.3-bin\6a41zxkdtcxs8rphpq6y0069z\gradle-7.3.3\lib\gradle-launcher-7.3.3.jar
Launcher Type: SUN_STANDARD

[Global flags]
     intx CICompilerCount                          = 12                                        {product} {ergonomic}
     uint ConcGCThreads                            = 3                                         {product} {ergonomic}
     uint G1ConcRefinementThreads                  = 13                                        {product} {ergonomic}
   size_t G1HeapRegionSize                         = 1048576                                   {product} {ergonomic}
    uintx GCDrainStackTargetSize                   = 64                                        {product} {ergonomic}
   size_t InitialHeapSize                          = 260046848                                 {product} {ergonomic}
   size_t MarkStackSize                            = 4194304                                   {product} {ergonomic}
   size_t MaxHeapSize                              = 2147483648                                {product} {command line}
   size_t MaxNewSize                               = 1287651328                                {product} {ergonomic}
   size_t MinHeapDeltaBytes                        = 1048576                                   {product} {ergonomic}
    uintx NonNMethodCodeHeapSize                   = 7594288                                {pd product} {ergonomic}
    uintx NonProfiledCodeHeapSize                  = 122031976                              {pd product} {ergonomic}
    uintx ProfiledCodeHeapSize                     = 122031976                              {pd product} {ergonomic}
    uintx ReservedCodeCacheSize                    = 251658240                              {pd product} {ergonomic}
     bool SegmentedCodeCache                       = true                                      {product} {ergonomic}
     bool UseCompressedClassPointers               = true                                 {lp64_product} {ergonomic}
     bool UseCompressedOops                        = true                                 {lp64_product} {ergonomic}
     bool UseG1GC                                  = true                                      {product} {ergonomic}
     bool UseLargePagesIndividualAllocation        = false                                  {pd product} {ergonomic}

Logging:
Log output configuration:
 #0: stdout all=warning uptime,level,tags
 #1: stderr all=off uptime,level,tags

Environment Variables:
PATH=C:\Program Files\Microsoft\jdk-11.0.12.7-hotspot\bin;C:\ProgramData\Oracle\Java\javapath;C:\Program Files\Java\jdk-19\bin;C:\Program Files\Common Files\Oracle\Java\javapath;C:\Program Files (x86)\Common Files\Oracle\Java\javapath;C:\Python310\Scripts\;C:\Python310\;C:\Windows\system32;C:\Windows;C:\Windows\System32\Wbem;C:\Windows\System32\WindowsPowerShell\v1.0\;C:\Windows\System32\OpenSSH\;C:\Program Files (x86)\NVIDIA Corporation\PhysX\Common;C:\Program Files\NVIDIA Corporation\NVIDIA NvDLISR;S:\Git\cmd;C:\ProgramData\chocolatey\bin;S:\GRADLE\gradle-7.4.1\bin;C:\Program Files\dotnet\;C:\Users\Rool\AppData\Local\Microsoft\WindowsApps;C:\Program Files\Java\jdk-17.0.2\bin;S:\DE STERS\opencv\build\x64\vc16\bin;
USERNAME=Rool
OS=Windows_NT
PROCESSOR_IDENTIFIER=AMD64 Family 25 Model 80 Stepping 0, AuthenticAMD



---------------  S Y S T E M  ---------------

OS: Windows 10 , 64 bit Build 19041 (10.0.19041.2913)
OS uptime: 3 days 7:33 hours

CPU:total 16 (initial active 16) (16 cores per cpu, 2 threads per core) family 25 model 80 stepping 0 microcode 0x0, cmov, cx8, fxsr, mmx, sse, sse2, sse3, ssse3, sse4.1, sse4.2, popcnt, avx, avx2, aes, clmul, erms, mmxext, 3dnowpref, lzcnt, sse4a, ht, tsc, tscinvbit, tscinv, bmi1, bmi2, adx, sha, fma

Memory: 4k page, system-wide physical 15791M (1553M free)
TotalPageFile size 40712M (AvailPageFile size 42M)
current process WorkingSet (physical memory assigned to process): 596M, peak: 679M
current process commit charge ("private bytes"): 656M, peak: 733M

vm_info: OpenJDK 64-Bit Server VM (11.0.12+7-b1504.28-7817840) for windows-amd64 JRE (11.0.12+7-b1504.28-7817840), built on Oct 13 2021 22:12:33 by "builder" with MS VC++ 14.0 (VS2015)

END.
